17312200
28790825
36961398
39648141
48720851
52055123
62071055
64416871
68360388
79677516
79753447
87352698
90523407
92065147
95449323
97209962
97209962
92188335
89961529
82962593
85189399
90359669
88817929
94545405
94694926
96236666
93065957
94188774
83902780
94188774
90990183
94188774
94188774
97359483
96031574
84965481
91256036
91301154
96076692
89590991
87636719
87110456
83939747
79842259
82023947
85222538
88393247
90347519
93274766
83357773
93675687
93675687
90477096
94035550
78777574
88118277
96591742
96591742
96717084
96717084
96717084
88144018
80864341
81506740
79564186
79564186
87134775
80464775
90539962
83502172
80925063
81443246
78997382
79995812
82572921
89610711
89610711
89760232
74863543
79119694
89760232
97359483
96293040
96293040
96293040
87695359
83469364
84535807
92052461
79690713
84188892
84188892
77361716
82061412
83142439
89864766
79224228
68466721
74707287
81827053
