1690255
2915552
3270202
5204308
6181864
6973237
8651656
10484500
11988238
12916641
14105059
15558888
16759202
18717839
19251213
20276683
21302304
21821725
22759432
23028456
24768147
26327504
27074360
27650017
28127918
29750031
29875822
30233373
30653684
32410005
33183277
34714082
35399456
36432064
37090927
38847381
39854652
40852280
42290987
43173093
44130128
45026744
45381996
45848258
46333009
46921995
47080692
47618770
48633613
49371145
50055851
50812158
51851290
53538335
54314144
55794500
56497350
56794039
57971435
58704656
59689810
60150276
60910627
61665892
62029291
62880953
63285148
64067748
64801047
65308932
66536803
67807237
68469787
67241916
68112593
67375061
68380383
69085181
69689276
70779934
71206850
71692496
73036356
73331837
73427974
74039256
74755917
75850462
76323164
76930035
78293203
79263716
80321124
80502814
82048366
81675880
81935181
81991178
82381994
82763391
83089315
83870940
84629895
85029111
86144540
86774996
85605948
86287764
86684674
86466322
86838808
87035757
87226600
87827391
88174107
88191433
88993389
88566473
88838722
90472103
90787982
90787982
90787982
89444122
89943816
90351275
91106575
91553524
92619445
92303566
93268082
92153143
91546272
91546272
92383638
92224941
92644652
92957990
93163795
92261461
92655525
93200909
92801693
93528991
93756582
93375899
92538533
93375899
93116598
92769882
91288997
92392254
92109232
93332735
92833041
91279682
92086337
91692273
91692273
90989423
91736127
90670206
91282848
91767565
92234546
93305876
92409260
91949300
92112561
91708366
91095724
90714327
90991900
91607619
91765491
92341148
91768975
91541384
92424040
93188393
93439706
93383709
91567313
91794904
92199099
92471629
92471629
92619030
92198719
92503659
92786681
91563178
90871187
91239448
91270067
92493570
92102457
91491175
89538010
89594007
89723672
89663595
90355586
90671681
91065745
91141963
91248047
91448970
91448970
90544470
92281847
92458824
93165284
93007412
93127932
91904429
93004175
92557226
92380249
90251475
89706091
89706091
89965392
91414151
91793532
92144310
92218031
92141813
92132711
90260013
90712880
90746487
89991222
90182103
90272573
90086603
91236429
91422399
92645012
93921235
93383157
93805686
93500746
92754042
93058982
92662072
92115113
92414339
91531618
92069696
92403978
91699180
89961803
89921744
89904418
91036042
91949179
92332188
92392265
92476914
92923863
93320773
92352237
92939607
94172212
94704878
95409676
94779220
94779220
94191850
94797603
94979586
94600205
93793550
93764158
93764158
93764158
94889507
94859120
94677430
94677430
94823476
95173531
94000084
93044507
93674963
94302576
94906139
95186033
96141610
96267401
96207734
96243378
96272770
97131795
97511176
97341822
97111087
96794992
96669201
96331912
96331912
96614950
96192421
94561503
93605926
94151760
94593653
94857574
94077794
94350680
94390739
94390739
94978971
96068363
96231230
96231230
97011010
96558143
95778363
95615496
94887944
93797286
93797286
93797286
93807309
93807309
93807309
93845873
93413349
93866216
94956874
94666540
93759292
93807056
92407570
93014471
93014471
92577554
91452205
91452205
91452205
90863973
89954812
90304813
91515354
92450647
91361740
92225639
92242965
93562607
92655103
91952407
92679959
92004131
92911635
93442397
93905308
94827073
94827073
93905308
93784119
94724180
94385642
92968959
92101043
93517726
93433691
92343033
93210949
92519477
91581632
91643379
91261982
92909031
93225126
92798822
93394480
94362727
93422666
93422666
94605004
94986401
95527927
95527927
94137829
94424182
94724320
93418616
94509274
93913941
94059007
94478322
94800263
94199472
93539152
93239014
92331510
92886461
91958058
92560912
92899450
93172842
93637035
94105322
94442611
94421353
93957160
93957160
93376874
93393379
93052588
93042565
93359666
95141016
95338632
95939423
95794357
95794357
95794357
95067059
94145008
94125173
94380314
93605915
93605915
93605915
93036985
93036985
93091125
93164013
93744299
94424897
93664872
94586923
95361322
94997501
94558103
93805541
94158094
94322995
94600987
93298468
91635411
92117444
93780501
93327634
92780100
90962919
91176355
90595537
90062715
90979775
90584292
90699671
89720134
89232603
89216098
88658813
89961332
89961332
90325153
89142815
86628507
87381069
87655870
86883125
87346908
87652925
88160647
88892383
88291592
88980114
88694714
89208365
89765650
90055835
89087588
89836737
90076639
90410737
90976540
90021930
90349500
89432440
91538265
91933748
91106683
92023743
92358025
92242646
93035804
92405603
94043426
94646742
94080939
93765490
92500680
93179336
93698998
92051949
92363209
91682611
90380092
90705564
90826753
91016819
92630056
93343754
92979933
93042871
91405048
91649695
91649695
91048658
90350745
89747429
89747429
91578654
92276567
92367143
92367143
92367143
92531110
93161311
92482655
92080062
91583715
90661664
90661664
91698222
92376878
91716178
91471531
91727384
90937675
91696825
91730637
92421896
93447366
92487597
92436787
93358838
93072485
93750074
93561223
93683427
94643196
94566978
95125424
95410824
94493764
94493764
93828174
93828174
92954829
91575696
92089669
91282233
92868415
92583015
92997512
92997512
92669942
92246994
92442848
92960433
92207871
91694220
92130330
90024505
90269152
89835105
90900518
91047245
91047245
91313346
91635324
92236115
92157137
92353949
91753158
89601111
89601111
90035158
90035158
89493632
90035158
90237562
89803515
87929906
87548891
87075963
88500859
88907904
88907904
89660466
90620235
90119124
90500139
89786441
89141185
89477167
89652288
89781455
91393563
90291674
91005372
91497165
91497165
91313702
91313702
91184535
90437377
89654732
90113483
89237177
89990137
90635393
91957453
92385353
91714485
92717803
93303644
93303644
92605731
91919020
90466323
91283358
90835050
91145485
90686734
90100893
90798806
90925834
91741712
92293896
92398283
92834352
91793167
92002557
91806061
91045003
91797268
91167067
91777163
93038554
92766305
92766305
92905662
92905662
91848829
91848829
92394603
92755253
91938218
91828707
91400807
92646491
92646491
91950484
92133947
92618844
93659043
93174146
92421186
93203831
94069366
94986426
95334340
95529314
94111340
94111340
93813612
94122563
94617974
95337288
95669770
94857528
93974174
93242056
92696222
94029131
93460432
93460432
93460432
92761048
93596124
94295508
94864207
94848919
94793339
94424497
92926561
93299047
94544646
95356888
94474782
92817012
93608187
92908803
92049602
91013044
92076547
92329219
92765287
92581824
93211824
93211824
93601869
94249384
93400095
93457157
92994246
93172711
93156206
93257176
92984815
91931251
91495141
92344430
92707918
92891381
93209516
91662655
92287161
92607369
92434353
91776095
91675125
91024229
91295649
92379723
93030619
93791416
93086734
93791416
93008771
93571050
93808877
93808877
94639831
93880622
93867614
93963593
93161153
92348911
91087520
91067685
90550100
90668839
90953285
90642850
90743820
91997310
92363488
92180025
90366394
91049752
91431001
91672386
91575647
92358292
93526807
93192455
93450990
93761425
94150468
94198746
93651212
93747951
92793147
93671382
93047727
92230692
92238593
92271930
93122527
93321734
94163193
95217097
95217097
94958562
94545363
95008150
95689110
94425032
93902086
94813611
94982362
95395561
96019216
96005251
96005251
95668837
95045182
93649035
93186248
93186248
93658910
93658910
93338702
93035458
93035458
92118398
92264966
92523501
92913433
93537088
93537088
94084622
93733974
94115223
94348497
93028855
92615656
90988027
91603308
91147078
92034902
92353342
92154135
92506688
92853879
93174087
93174087
92940813
93627875
94275906
94311661
93071466
93087971
93391215
92718078
93174308
92810820
92635699
92884337
94020261
95200744
95200744
95698848
94518365
93635011
93834218
92753052
91758631
92912801
93584332
93856693
92728852
91939143
91443732
91954431
91601878
92069484
91134191
90565492
91338081
91906780
92193030
93025823
93503365
93639440
94142899
94982214
95026253
94723009
94723009
95717430
95717430
96020674
95825907
95335550
95302213
94678558
94678558
95302213
95535487
95231161
95417131
95417131
95172140
94479580
94874056
94874056
94127314
94823772
94695696
95048249
94424594
94121350
94249426
94871390
94871390
94040436
93492270
94323224
94626468
94626468
94801589
94898641
94689251
95102851
95309820
94915300
94404601
95265064
95466190
95403505
95910626
95860482
95069466
95276801
95640289
95210357
93808891
94203411
93506953
93561026
93992429
93278731
93278731
93220812
93982738
93122275
93670441
92732201
92337725
92919749
93295608
93295608
93490375
92818844
93414109
93808585
92521832
93669936
92591080
91642162
91642162
91105165
91181431
90633265
90436683
91375377
90476684
91369605
91782804
91782804
92305750
92174176
91706570
91706570
92243567
91939180
91939180
92047030
90010786
90801802
90725536
91604381
91888014
92019588
91656100
92123706
92431382
93360388
92956126
92195329
92378325
90902416
90707649
90810118
90823126
90622190
90679252
90043965
90679252
90046187
89688171
89889107
90749570
91229550
90991723
91377303
92041161
92041161
92841812
93124110
93124110
92810851
92494972
91346868
92372481
92372481
92037254
90950466
91063811
91909737
