606734
1572402
1819434
2902198
4035730
5140230
5507026
6423691
7896092
9223599
10085870
10805338
12709624
14157257
15348359
16526387
17543637
19172238
20221155
22287162
22874484
23270274
24199740
25012258
25492226
25913518
27071414
28341954
30303824
31618381
32544059
33083734
33679508
34069463
35142737
35372131
36417897
37499832
38196353
39000693
39379807
39647229
40197623
41050753
41849472
42448390
43462477
45099729
45632590
45939185
46521458
47097715
48599810
49963214
50920250
52135767
53103879
54481810
55531807
55771616
56385604
56815292
56938983
57118678
58801747
59401441
59895640
60828206
61498369
62004838
62964634
63709226
63962376
64413636
65495441
66288867
66890483
68191717
68464527
69673710
70455429
71369575
72454165
72996078
73666876
74557120
75261007
76420791
76420791
76642556
77478546
77952949
78379297
78679579
78879637
80577228
80753486
81660312
82436635
83280778
83612875
84191589
84312528
85087514
85126521
85432274
85951023
86342719
85421666
86571593
85642127
86491342
87438024
88022362
88847804
88847804
89970025
89970025
89970025
90113974
91061854
91232072
91476105
91512538
90754134
91269427
91955992
92371372
92541719
92505286
91689688
91238428
91504362
91915410
91089968
91126401
90824432
89867396
89721915
89900409
89736629
90552227
90035344
89520051
90704734
90704734
90761032
90761032
90621863
91456640
90856580
91456640
91678183
91941072
92355721
92578466
92356701
92356701
91431023
90817035
91163842
90441593
91053963
90085003
90620783
90313492
90676138
91055846
90462392
90607873
91125122
91878940
92056177
92428905
92629771
93480764
94009439
92480547
92795840
92026925
91717105
92835466
91658917
91883436
91828768
91992548
92911418
92069442
91552193
92267071
92045528
91433158
91508775
91698804
91530801
92240800
92619496
92619496
91726599
92619496
93371322
91769816
92345666
92604471
91965227
91449589
91560403
92379539
92606263
92945098
92277082
91670400
91945831
92024101
92685441
93409933
93397714
93336855
93644146
93773463
93931524
94317402
94498925
93903683
93110257
92828689
92539876
91705099
92052576
92424326
93023988
93345075
93792171
93792171
93523700
92513363
91908944
91059729
91268992
90921980
90921980
90614689
91820849
91820849
90838411
91890795
91229455
91960752
92735437
92935043
93150899
93361944
93708956
94318267
94705948
94627678
94752895
95257220
95538788
95538788
95538788
95846079
95846079
95817506
95761591
96274459
95376621
95320323
94284103
95320323
95320323
95813201
96184388
95452391
95184894
95184894
94572152
94414091
94641045
93777698
94496261
93771769
93544815
94306249
94412648
94966633
95862912
96683663
96201583
95808547
94787622
93486602
93803750
93880837
94148334
93766691
93347919
92738608
91723328
91723328
91713058
92375574
92801870
93510128
93623712
92862278
92594781
92650490
93526737
93887663
93271784
93271784
93619787
93010914
92739404
92352365
91669336
91737091
92157113
90818880
90786006
91921424
92605531
92401361
92401361
92699336
92867497
91824295
92507324
91291807
90655595
90578508
89443090
89943923
89700111
89896906
90643125
90057193
90666504
91448677
91003561
90107282
91105242
91192817
90918806
91363459
90514298
90610854
91065471
90940254
91601404
91808273
91089739
91415948
90795480
90795480
91080590
91284760
91364467
91439736
90682961
91034516
91034516
90480531
90638592
91043162
91043162
91875099
91875099
91880571
91880571
92002213
92002213
92202929
91996060
92632272
92645706
92645706
93164963
93581244
94185663
94710030
94984041
95429157
95568017
94797505
95067245
95067245
94190642
94786764
95215289
95523781
95319611
94588228
93852187
94842595
94842595
95930288
95930288
95011418
94106872
94875787
93370780
92761469
92826544
92359386
92260427
91524343
93263846
93026199
93026199
92950930
92539882
92539882
91751922
92304485
92542132
91517635
91439427
91516514
92125825
93079008
92432363
92943850
93354898
93896657
93800101
93847118
93242699
93103839
93369169
93425467
93425467
93678450
93063476
93016459
93639942
94265186
94339544
94339544
94356768
94180169
93769121
94135628
94058541
94290907
93965817
94570236
94837733
94668668
94730877
94515021
94693703
95082908
94779130
94764213
95142459
95786769
95023041
95192106
95396293
95748276
95888922
95987881
96268019
96052956
95799973
95799973
95799973
95545000
95791201
95678509
95926806
95548560
95548560
95224319
94588283
94643568
94847738
95102711
95180919
95778850
95364201
95210522
95387121
95765367
96166381
95466038
95894822
95094551
95094551
94477105
94477105
95177448
95371746
95371746
95734092
94594302
93359723
93165895
93165895
92764881
93530429
93530429
93530429
93237680
92416929
92224879
93005435
93414399
93992484
94609930
94200966
95019255
94430402
93347745
93347745
93691255
92763183
92763183
93592501
92984800
91881722
91214194
90596748
90018663
90590026
91434049
91885309
91051575
90550727
90788644
89551737
88880416
88257215
88074455
88272373
88673387
89185998
89477012
89736067
89209389
89115183
89650215
88939875
89033152
88412376
88235549
89069283
89273470
89069283
89069283
89523122
88770165
88946992
89157379
89338926
89954186
89874492
90495268
90854540
91247590
90656143
90863915
90272353
89754739
90147313
89694951
89610417
89217843
89739521
90177174
90177174
88971014
89049657
89793674
89854108
89926947
90528884
90937848
90745492
90745492
90839148
90709067
90891827
91563701
92064549
91889762
92270069
91668132
91668132
91016863
90816289
90623691
90945466
92315844
92672446
93323715
92590421
92960617
93563450
93996949
94081483
93519663
93006111
92933272
93006111
92860204
92522345
92965392
93417754
92855506
93076872
93230551
92814566
93243791
93501965
93064312
92269687
92086927
92132201
91702976
92757874
91852237
91973237
92320914
92883162
91828264
92612901
92914801
93395293
93632708
93778615
94068705
93718812
93718812
94232364
93974190
94324083
94532038
94270217
92966118
91152480
91811931
91761174
92081801
92413744
91631571
91685245
91980552
92181126
91427741
91777408
91971236
92327345
92872999
92459348
92581728
92360362
92701070
92292106
92850208
92226725
91694726
91357504
91131102
91813752
92071926
91391303
91617705
91817126
92350581
92009873
92572056
93252679
93252679
92690431
92333829
91615221
92410698
91451877
91131250
90356171
89975864
90044507
90534289
89002443
88880063
88723595
89696397
89206615
88523965
88798426
89280817
89280817
89280817
89904732
89803238
89947341
90826072
90089624
90469931
90387883
90725105
91081707
91344665
91938768
92305256
92305256
92337602
92337602
92792994
92165729
91472064
91070713
90117530
90351057
90910351
90114759
90657094
91219342
91668952
92193966
92193966
92680939
91929240
92311283
91723584
91723584
90521111
90713709
91340974
91148504
91253864
91253864
91647753
92332003
92903776
92763050
93142857
93482154
94314520
94491152
94683622
94683622
94409909
93822338
93288883
93664744
93983712
94024711
94337706
94337706
95540179
94470668
94628616
94315621
93698175
94411479
93698175
93505705
92971669
93510217
94593253
95032976
95415991
95415991
95415991
94950489
94950489
93343720
93343720
92509524
92509524
92080642
92263402
92473618
93097619
93135658
94033154
94343846
94851701
94819355
95284857
94758174
94447482
95057749
94477473
94477473
93104117
91663669
92881192
93073662
92589818
92589818
93170094
91910189
91748552
91996848
90536537
90676107
90194458
90464160
91803360
91760831
91870361
91819651
93094450
92911690
93423479
93423479
93290330
93513255
93595303
93455733
93870435
93520768
93008979
93445690
93600602
92637542
92822170
93371717
94088169
93604020
94026108
94328915
94136445
94663123
94627113
94890393
94332483
93616031
93386694
93832406
93282859
92903052
92708901
92338262
92585089
91656946
90995624
90138747
90504715
90500987
91658467
92366236
93259460
92996180
92457632
92599977
92637281
91956658
91683744
91905110
91460421
91905110
90565910
90781016
91214763
91701212
92035406
92071416
91878818
92415151
92260239
91079878
90408382
91642298
91780036
92150675
92739917
92739917
92150675
92831298
93104212
93104212
92025238
90867758
91596703
90586697
91306650
91595025
92405455
92157159
92214414
92458258
91905765
92915771
93303944
93082578
92437804
93459523
93571721
93647096
93524467
93524467
93637856
93414931
93854446
93813447
94152789
93749493
92727774
91917344
91733558
91345385
91077120
91269718
91467229
91096590
90631088
91821988
91677753
91744445
91704208
92074847
92109073
92403637
91958948
92187824
92632513
92096180
91415717
91415717
91995799
91514834
91735771
91950258
91735771
90954418
90970344
91247935
91854993
92386145
92153259
91738557
92153259
92556131
93021633
93236120
93236120
93504385
93059696
93294739
93649091
93007704
93211076
93642960
93864326
93864326
93600494
93785794
93801240
93801240
93242867
93914585
93185640
93891283
93015630
93168375
92824292
93110142
93722822
93940223
93754923
93781993
94563346
94259854
94080597
94328893
94097974
92752502
92760898
91882900
92005529
91859896
91859896
92735121
92735121
92029478
92420720
92766124
92470817
92354082
92206213
92434804
92618590
93028893
93133536
93133536
92240232
92240232
92721310
92952229
93147344
94175038
93091833
92726954
93422781
92945044
92505321
92505321
92842338
93000896
93229772
93452697
93855993
94822730
95281198
95046155
93977698
93977698
93977698
94169124
94098734
94359559
93820183
93207503
93745617
94062749
93581671
93938829
92656894
92076812
92689492
94559936
95148958
94689985
93580108
91709664
90725078
91420523
90955021
91144157
90798753
90907124
92248564
92608860
92886280
92886280
93486472
93486472
92557275
92557275
92026123
92404308
93125498
93569504
94262683
94383262
94198501
94198501
94676822
94726506
94976152
94976152
94282973
94628377
95277784
95165586
95194546
95385377
95988260
96102272
96075202
95923140
95025644
94924655
94166453
95259639
94610232
95368434
94924428
94924428
95070061
94627928
94482295
94821009
95310701
95495462
95381450
94874506
94814965
93669392
93669392
94113935
93930149
93781642
93965428
93735586
93278403
93055478
93055478
93562422
94211829
94040699
92844770
92991622
93302663
93451170
93893303
94162741
94371965
94850191
94850191
94533059
95003958
94041011
93986434
95272322
94789371
94311050
94675929
94311050
94311050
93932865
94930475
95076108
94794639
93983100
94212942
95274022
95785782
96770489
95968803
96646949
96500097
96898002
96715392
96950513
96460821
95722995
95475770
96187195
96279093
96279093
96618356
96173813
95924167
95953772
95953772
96260538
96176781
96176781
96104541
94775979
93702049
93702049
94827225
94434671
93906897
94333011
95125784
94941998
93880918
93391940
92654664
93175426
93175426
93257807
93460171
93848630
92873052
92430919
92451950
94012314
93334168
94021809
94463942
94463942
93433465
92636858
92322886
92910979
92662955
92981985
93068098
93095168
92276316
91579869
91636199
92455051
92567249
93585912
92990734
93483548
93793875
93793875
93893270
93502028
94198475
93466441
93466441
94536306
95229913
94787780
94448517
94222059
93710299
93969863
93684982
92838595
92832566
93146359
92036366
91604482
90162391
91160203
91702913
92572636
92469758
92523844
92125939
92653713
92519391
91831750
92900727
93387996
93387996
93387996
93166940
92703708
92943465
93228346
92586822
93028955
93670479
93670479
93799607
93843048
93153097
93004471
93603712
92826479
92624115
93314066
93750137
94487413
94753861
95415647
95601768
95197745
93971975
94361191
93241051
94062885
93820973
93716935
93532215
93730549
93433222
94439989
94354464
93335801
93514554
94596376
94476340
94689535
94217628
94437804
94793869
95197892
95278185
95079851
95359092
95752767
94783149
95499156
95710058
96444444
95686242
95884576
95417234
95530607
96288809
95380578
94412647
94047792
94453330
94016338
93230186
93254723
93691715
93368222
92964199
93480061
93684578
93782190
94684112
95105428
95331886
94773976
93680690
94053977
94720426
94823304
95283159
94768490
94768490
94628871
94985676
95802501
95802501
95582323
95613439
94673610
94793646
95155091
95688436
95167674
95374284
94949972
94233965
94013789
94013789
93480444
92781398
92716541
93294925
93090408
93090408
92970372
93394684
93394684
92395363
92852085
93239660
91969924
92448995
92854318
92334657
92727026
92208071
90982197
90636347
89339541
89705786
90775651
91500577
91127290
91646245
92204155
92018034
91060499
90813002
90425427
90113828
90809288
91091523
91132889
90451540
90604962
90477818
91108326
91738710
92388287
91809903
91113456
91113456
91646801
92020598
92253435
92681196
92986995
93207173
93442164
93324748
92958503
92303512
91291277
91521288
91835440
91613851
92286541
92941532
93309648
93395173
93412411
93313734
93313734
93451376
93015305
92647189
92966741
93283525
92480789
92388891
93014049
93237775
93237775
92816459
93107183
93511206
94199746
94354902
93476904
94068836
94123413
94123413
94833082
94143145
94355490
93244444
92391006
92192672
91980327
91747490
92337055
91931732
91394126
91394126
91923183
92064657
92282212
91838718
91497024
90967967
90342809
89826449
89863571
90560018
90560018
91376260
92457127
92817341
93507278
92643300
91744020
91453296
91453296
91927982
92713309
92583204
92667151
92513729
92849729
93145898
93330618
93119031
92249132
92432088
92053371
92196340
92295017
92211070
91821918
92932964
92889765
92300200
91628482
92064032
92280769
92516575
93275338
93275338
93249581
91908141
91308900
91268487
92321176
93140809
93140809
93562125
93495390
92851758
92851758
92648644
92505675
91794014
91057332
91057332
89870325
89914670
90497595
91182927
90649582
90792551
90792551
90945973
91219035
91646602
91301760
92178883
92523725
91794398
91366831
91208309
90726852
91407751
91494397
91541984
90692243
89982574
90537812
90537812
89841365
90230517
90942178
90285359
89702434
90152805
88725842
88928956
88928956
87508087
87873869
88436884
89892321
90695057
91523440
91821310
91969848
90917159
90794831
90498662
90542365
90739753
91091411
90060244
89961567
90070525
90117918
90384379
90384379
90646084
91323229
90150890
90864282
90864282
90864282
91410567
91410567
92191750
91480089
91434474
91914876
91669607
92447213
93073650
94165568
93091959
91422142
92443027
92506371
92506371
92590318
92199059
92199059
92326203
91528175
92060246
92858274
93101686
92712534
93080541
92405016
92527976
93068863
93400953
94698293
93954620
92520328
91506735
91440996
91368568
91241424
91376288
91506795
91200113
90983376
90739964
90986040
90423025
91436618
91807418
90637179
90637179
91308500
91088278
91495212
91495212
91723955
91944177
92238137
92711399
92839695
93311814
93264227
93264227
93827242
93893977
93649624
93441809
94092276
94278397
95084143
94677066
93558065
93474118
93647914
93721275
94289124
94349618
94593971
93813940
94387008
94514152
95071993
94341019
94280525
94916105
94619201
94323811
94257008
94257008
94552398
93328767
93384550
93830599
95045263
94031670
94210987
94618064
94210987
94623889
94224618
94680293
94680293
94305749
93760264
94187901
94372000
94461066
94168481
92857982
92917064
93244218
93030428
92281100
92370168
92074778
92464313
91419674
90963999
90963999
91416231
91230110
91284834
91920309
91865585
91979749
92439162
92660560
91984782
92530267
91219269
92059714
91725038
91859645
92528709
93204487
93204487
93539163
92993678
92002852
91844106
91003661
91874302
92798827
93353523
93353523
93286788
93936003
93570635
92991038
92739285
92956022
92503790
91950654
92246044
93251944
93569595
93890663
93157733
92928990
92507674
91865133
92261155
91592091
91835503
91436232
91989368
92178536
91254011
91769211
92274973
91695375
90777408
90939052
91360368
91780372
91591204
92049695
92219506
92219506
91547897
91962258
92027813
92263827
92637772
93297966
94222491
93801175
93381171
93447906
93447906
94320404
93660210
93710763
93710763
94007667
93844126
93844126
93470527
93470527
93491885
93775263
93584196
93346443
93412182
92286333
92921724
93369318
93986452
94407768
94461721
94718969
94718969
94421099
94137243
94656033
94147962
93624008
94102580
93894741
94342138
94226740
94750694
95410888
95290732
95290732
94707683
94657130
94908883
95212418
95452667
95851938
95333148
94513070
94750823
94714130
93082440
93120346
93426019
93862090
93386583
93386583
93733264
93497250
93930768
94539295
94782062
94782062
94854062
95451404
95451404
95480585
95480660
95189903
95374664
95665421
96524908
96524908
95600383
95356030
95600383
95309576
94946935
95154774
94903019
94661887
93576223
93935529
94226336
94018497
93606215
94290117
94476238
95692632
95368044
95619799
94403405
94403405
93974051
93757314
94148771
94148771
95447552
95567708
95014679
94040297
93891759
93654006
93799959
94229313
94393909
94393909
94186114
93962133
93603187
94214356
93970003
93970003
93266349
93933079
94292025
94324825
93933368
93036241
92149265
92677863
92885658
93477515
93048909
92750822
92399888
91733158
91178670
91194019
91773617
91414671
92156850
92751765
92685705
92857867
92006653
92605008
92605008
91094554
91318535
91635682
93139700
93050403
93050403
93317728
93511011
93511011
93511011
93032439
92032344
92032344
91217414
92032344
91898804
91244749
91155681
90354920
89671018
90402998
89338976
90234163
90730849
90986630
91070876
91527602
91196961
91464531
92478124
92754973
91550916
90654998
90435457
90435457
91459545
90944428
90391292
91054030
90815221
91293793
90523108
90523108
90701880
90454288
90522663
90755747
90464940
90008214
90140523
90805394
90060101
91034489
91518021
91518021
92095814
92386621
90783664
91031256
90552684
91084693
91292532
91771104
91771104
90711290
91524500
90107985
90420090
90238752
90238752
89496573
90669063
90120933
89444462
88939835
89685887
89478092
90477657
90671050
90915403
91444535
92281670
92359625
92619429
92918846
92918846
92247968
91789477
92397136
92488578
92718883
92590587
92155424
91784624
91904174
91067039
91673086
91201297
91446120
90561953
91785698
92517326
91643304
91917363
91171632
91917363
91171632
91049267
91214512
91280572
90792014
91076602
91323603
91539363
92013605
91281625
91057745
91123745
90876153
91358512
91838815
91721874
92482049
92093219
92449460
92132313
92525711
93150039
93150039
92637050
92190983
91879197
91485799
90524136
90949962
91173842
91272323
92017123
92369657
92615535
92598495
92757128
93259419
92382629
91879158
91343569
92355775
92475474
92346180
92346180
93191954
92604488
92454137
92794190
93340440
93175195
92658647
92331920
92240022
92709526
93227307
93485226
93836631
93836631
93492356
93749554
94337020
94045091
92541073
92266183
93144140
93677425
92869744
93263142
93529937
93821866
93380518
92896986
93285816
92933282
92497666
93043151
93043151
92277434
91671387
91671387
91138102
91189950
91457372
91457372
91200174
90924470
91089715
91683426
91844211
90483086
91016371
91188377
91820874
92426921
92787740
93089647
93089647
93251231
93728980
93728980
93567396
93467152
93030781
93360713
93856393
94260360
93911272
94057375
92701919
93816195
93437085
93290982
92428770
92823445
93012729
92207209
92414151
92010184
91115529
90368031
90368031
90642313
89595170
89959946
89563647
89758289
90758009
91751227
91610969
92420221
91715701
92133043
91209596
91665112
92209973
91965620
92441234
92629492
93133426
94285240
94401751
94036975
94036975
93757787
93987959
93552445
93831633
93612693
93681633
93347444
92801959
92847032
92847032
91473871
91473871
92019356
92035657
93303724
93395622
93348675
93348675
93482227
93732770
93482227
93656594
93187090
93444017
93947488
93429707
93927695
94405927
94093822
93886880
93783739
93298572
92281070
92707200
92707200
92707200
92782639
92378152
93140341
93334847
94266355
94266355
94670842
95047311
95047311
95086860
95133807
95249184
95467996
95905790
94444073
95024938
94263903
94254406
94278730
93465520
93465520
94315140
94260624
94141805
94141805
94066418
93171231
92865781
93678800
92043725
92827506
92468200
93363387
93531004
93737946
92184663
91686675
91141190
92492294
93037779
93327116
93398466
93919640
93611129
93318308
92556119
92509172
92879370
93179462
92512633
93010621
93464727
93017166
93157276
93714976
93954742
94044638
93413566
92637703
92657848
92776667
92776667
92776667
92776667
93318322
93405200
92871915
92871915
92871915
93704796
93267002
93736599
93736599
94375027
94683199
94229093
93824936
94032731
94079678
94079678
94079678
93337246
92839258
91989638
92265223
92431736
91466199
91566134
92187659
92187659
92562602
92973759
92973759
93387770
93791927
92916836
93068435
92997085
93422285
93551232
93806561
94156819
94093991
94417822
94809996
94264511
93761040
94451588
94451588
94762041
94633094
94573986
94199043
94702514
94494719
94533712
93527463
92733841
92786628
94109001
93061487
93095450
93528529
94061814
93458728
93567426
93735327
92840140
93887654
94433139
94652079
94652079
94578528
95200714
95634157
95462151
94507765
94493624
94493624
94766625
94532712
94532712
94424014
93719494
93695170
94310119
94089184
95095433
95095433
95095433
96049819
96167696
95763539
95607175
95428876
95818045
95127497
95127497
95351350
96205251
95514862
95686868
96091025
95780572
95529466
95383144
95634250
95634250
96014531
96014531
96764028
96818283
96551488
96299096
94908635
94701693
94729744
94729744
94895027
94296304
93983445
93879535
93655682
93947498
92332804
92539746
93336009
92970799
93166939
92192893
92539876
92950914
92539317
92776403
92190463
93190474
93750243
92966462
91670416
92256356
92517262
91960133
92498801
92498801
92369459
93089829
93455039
94156648
94940429
94156648
93323593
93323593
93165372
93328340
93451248
94153871
93892965
94115770
94677060
94677060
94785758
94785758
94562953
94715336
94715336
95064881
95526389
95526389
96283767
96344286
95784517
95971644
96317768
96121898
95772353
95446900
95772353
95573529
95689565
94587386
94261933
93780171
93193886
92618513
91612264
91320448
91544301
91667690
91667690
91480563
92445045
92744572
91987194
91926675
92405970
92961685
93239768
92892785
93113256
93122753
92905044
92994394
92467536
93725507
92871606
92969383
93145494
93189820
93486220
93486220
92821693
93359444
92994234
92292625
92797133
92208161
92488089
92360363
92802023
92720055
92753191
92938091
92096622
92497914
92958632
93157456
93434210
94020495
94020495
94020495
94892634
94082953
93786553
93786553
93241932
93196474
93196938
92447441
92432364
91572000
91160962
90988956
91356176
90509408
89597148
90384256
90384256
88881097
89566455
89785151
89867119
90873544
91733154
91886750
92735503
92907509
92907509
92907509
92187789
92238870
93313183
93570437
93183340
92214421
92607797
92607797
92943209
93363428
93938801
94739256
94552129
94739256
94125605
94513973
94937695
95865229
95445010
95077790
94742378
94837669
94117299
94297609
94178208
93205778
92551578
91380299
90845610
91635848
91914427
92334646
93449807
92897797
92897797
92065157
92207835
92575055
93212026
92917014
93791468
94511838
94131557
94577680
94960754
95103888
95103888
95706974
95410277
95598840
95544585
94824215
95412718
95412718
94636631
94636631
94166289
94017937
94569947
94923302
95042703
94536872
94639047
94639047
94639047
94496369
94781137
95094712
95094248
95007675
95209251
95517717
96036025
96036025
96506367
96030753
96030753
95589093
95616806
95891472
96361076
96249911
96221860
95266632
94168406
94168406
93947935
94313223
93672710
93475598
93296161
93124155
92794847
92794847
93250744
93797133
93810766
93340424
93516535
93958195
94322700
94444220
94444220
93926338
94677753
95591271
95032731
94281316
94787147
94427310
94815167
94502074
94502074
95060614
95178758
95281549
95281549
95281549
96634697
96803091
96564126
95583302
95788854
94724386
94906369
94015651
93562986
93374612
93546618
94058164
94237601
93643175
94201027
93748637
94792687
94365070
93329458
94205063
94928453
95138608
95251227
95251227
94701585
95239153
95476449
95476449
95641115
95273895
95273895
93920747
93817956
93694449
92650399
93016807
93213919
93402293
92415208
93043297
93287741
93528797
93253001
93567455
93974099
93974099
94392766
94155470
93734447
92543882
93230385
92545027
92646387
94104930
94504734
93995809
93296403
92966281
91875436
92176018
92885153
93141293
92946787
93220772
93322577
93598373
94401908
95339545
95031938
95731344
95311125
95860549
95939926
95939926
96304822
96304822
96624854
96613330
95857226
95857226
95368998
95463021
95155783
94689506
93431535
93852766
92273361
92273361
93309414
94168309
93353374
93353374
93353374
94874525
94795148
94167059
94981994
95490919
95126023
94928911
95254376
95365541
95549282
95183994
94496822
94055162
94421063
95083255
93648881
94631675
95008614
94368636
94355003
93756355
94067794
93997583
92989395
92525290
91480699
91697208
92318974
92636115
92636115
93224656
92557930
93013980
93013980
92801743
92078353
92458040
92874321
92573716
91930957
92570935
92948185
91833023
92629427
91967235
92575812
92182436
92396961
92396961
91766776
92045842
91356178
91139669
91351906
92017496
92116738
91477501
90531817
89115304
89481676
90673465
90033487
89732905
90432270
90387944
90467936
90885972
91510547
91580991
91852486
91961266
92750241
92605772
93461033
93605502
93605502
93980316
93980316
93699692
92935711
92935711
92782297
92893163
93523348
94158121
94052365
93702107
93099358
91785978
91559633
91967667
92818161
93066667
93148095
92765866
92925620
92559462
91617284
92569227
91766000
91766000
90844338
91688054
91904563
90094613
90386114
91444365
91791225
93117402
93581507
93971802
93034165
92626131
92001556
92179729
93060005
92355916
92509330
92497467
92805074
92164383
92270139
91904238
92403682
93107771
92741399
92927436
92601971
91650028
90983688
90983688
90535806
90901964
90901964
89575787
90215024
90540377
90892087
91892911
92374031
91669942
91887675
92281428
92281428
91749130
92181100
92228746
92016509
92570493
92426024
92660001
93277582
93949331
93843575
93597268
93820469
93820469
93453134
92413139
92413139
91670928
91955393
91589235
92416646
92416646
92744640
93017916
93068180
93264391
93717306
92614589
92614589
93766509
94254070
94992695
95303141
94431005
94575474
94281360
93569859
93569859
93312605
93538290
93223673
93223673
91939983
91362032
91781133
91199246
91721997
91083636
91862576
91585412
91683868
92684393
93375890
93179679
93473793
92694853
91750243
92173424
92431997
92564019
93120496
92469288
93311730
93959289
93959289
94256655
94256655
93485968
92654223
92731098
92854680
93192801
93662292
93870881
93870881
94637958
94926524
94926524
93995855
93017927
93332544
93549187
94312607
93825500
94102664
94579479
93759854
94506052
94993159
95413505
95023210
94855842
94013400
93811196
93811196
93809198
93600609
93264337
93573510
93909782
93340892
93789010
93788694
93547178
92894243
93839529
94140111
94307479
94109530
93875980
93308210
93502154
93213588
93817479
94026068
94457084
94557618
94792003
92818302
92172750
91856683
92399856
91793733
91543859
91675783
92020304
91520884
91705842
91313885
90860970
91217162
91217162
91603046
92209169
93670872
93670872
93064749
92182706
91820947
91342755
90035312
90035312
90035312
90035312
90541989
90541989
89714578
89714578
88300131
87876950
88789470
89671513
88937773
89812396
90669250
91066628
90579521
90264732
89660841
90147948
90554413
90877969
91060462
91691622
90951983
91404898
91473698
91851562
91029104
91643389
91981401
91533283
92309503
92309503
92511707
93700678
94119581
94455943
94537256
94807807
94629634
94791042
94202501
94488458
93606415
93559493
93745196
93705899
92733659
92554544
91918844
92539256
93036937
93036937
93469757
94034420
95083022
94306802
94554069
94653633
94200718
93920065
93289587
93289587
93742502
93742502
92934426
93257695
93257695
93581508
93581508
93257695
93257695
93472203
94248423
93811881
94447581
93726029
93758775
94814240
94814240
95158744
95748061
95748061
95978976
95546156
95546156
94874407
95546156
95132850
94918342
94015096
94002723
93725688
93407929
92915089
93148365
93362873
92314188
91189475
91476931
91345007
91781549
92656424
93099203
94067959
94573652
94601999
94781207
93441038
92847397
92982109
93215659
93215659
92246903
92269379
93140443
93612532
93670185
94322620
94322936
93448061
92947725
91970872
92837990
91765554
92446871
92915750
92915750
93136715
93504083
93628816
94710317
93628816
93822987
93385975
92895601
93074373
92584006
92622591
92845411
93439660
94352522
94081971
93648848
93427883
94070946
94431673
93499706
92845194
92832991
93092555
93536276
94026650
93309683
92798221
92798221
92798221
92798221
92437494
92437494
92798221
93515188
92594255
93105717
92238780
92238780
92027165
92309572
92376219
93144607
92708065
92904901
93167081
93962786
93962786
93342374
93693368
92816024
93470536
92793325
93131239
93131239
92382805
92264532
92555940
92411471
92215631
91609582
91354167
91354167
91952453
92330365
92685267
91337551
92697470
92802259
93156938
92942430
92668238
93028310
93028310
92492029
92492029
92687869
93421983
93854803
93607536
93752005
92969675
93062862
91757650
92089111
90880517
91427264
90876360
91021596
91232887
91068764
92277358
92389115
90970212
91415970
91061291
91248355
90897361
90532966
90770801
90713148
90591192
91419322
91843042
91843042
91343191
90440311
89920891
91075765
91612046
91454456
91599590
91221678
91419404
92449498
92674973
92796859
92351101
92810264
92665130
91751533
92166281
91409918
91264682
91764533
91642647
91446807
91446807
90805525
91261124
92027719
92556970
91506175
92556970
92556970
93075845
93323112
92851023
92885496
93477335
93477335
93477335
92486898
92267016
92611678
91778853
91998735
92113271
92694585
91406659
90251785
89957702
89746411
90134773
90853422
91071362
91734675
92719565
92771101
93002720
93760702
93894692
93894692
94058815
95334153
94945791
94399044
94234921
94551416
94184048
94730795
95024878
95424592
95251193
94629332
94082585
94403234
94949981
94949981
94949981
95015261
94900725
94605335
94429657
94069585
93444421
93171438
93907855
94141824
93939980
93939980
94444950
94804937
94819452
95192204
95488234
94788796
94272152
94971590
95245782
94479187
95159954
94804726
94031230
94152851
94152851
94354102
94217612
93664022
94456326
94259490
94616984
94831492
94039188
94208700
94208700
94143420
93492439
92860739
92860739
93036417
93476941
94108641
94108641
94463869
94463869
93825607
93825607
94066565
94659334
94444826
93939856
93917380
94131888
93884621
94485939
95124201
95320041
95135872
95034901
95231737
95019475
94956278
95810832
95810832
95609581
95742980
95936073
96580640
97244619
96031806
96092063
95279627
95279627
94963132
93613814
93786841
94559777
93665919
93293167
92591403
93029169
92754977
92948196
92448345
93440228
93782328
92935119
92271140
92472777
92557282
91521875
91311919
91825831
91902477
92703530
93773370
92645991
93245626
93519818
93767085
94017563
94017563
93657576
92884640
92884640
92807994
92897438
92676012
93060017
92809539
92995763
93293835
94062788
94424542
95471881
94111962
93925738
92750818
93306186
93407157
93697727
94357705
93845508
93111394
93111394
92340240
91821488
90609885
90980979
90811467
91501340
91239653
91490131
91674478
91860702
92634928
92694690
92694690
93025960
93287647
92498869
92019539
92216303
92680887
92002772
91606917
92106768
91155107
91734983
92158295
91720529
92076499
92024963
92822416
92531846
93219445
93840586
93848677
94164110
94385040
93857801
94309270
94251448
94280453
94010031
94480516
94969312
94718834
94718834
94718834
95067941
95454909
95818778
95995700
95995700
95456789
94985885
94985885
94194002
94168168
93991246
95194360
95529717
95401063
94439852
95395093
95507227
95493437
95607939
94810486
94788474
93807077
94605478
94343791
93925594
93541589
92577745
91917767
90997712
91210247
91193061
91663965
92011722
90808608
91380906
91380906
92293784
92684287
90972161
92143816
92823700
93025676
93025676
93153158
93196684
93974109
93340497
92919107
92936293
92994115
93428595
93107946
93513603
92736178
92872668
93760577
93558601
92754288
93097816
93638287
93427594
93369643
93649510
93278416
92393159
92393159
92065395
92065395
91710435
92095189
92095189
92059684
92261660
92607199
92156880
91272330
91350192
91889551
91438082
91822087
91303220
90925284
91511081
92170405
91735925
91864579
91109094
90656571
89590003
90302090
90754613
91406221
91403061
91641898
91641898
91711322
91533259
92058125
92058125
92116387
93319400
92656087
92260951
92834292
92776470
93631014
93451064
94183669
94527401
93766199
93671368
92868307
93484144
92461830
92453739
92009458
91641826
91754742
92163256
92423169
92660318
92843314
92458560
91495014
91563729
92033327
91848836
91987534
91987534
91707667
91707667
92034033
92243989
91901621
92502545
93369663
93369663
93862599
94675337
94222814
93619992
93962360
93962360
93229755
92982488
93397967
94146851
94262974
93793376
94054107
94412101
93504073
93679669
93936668
94205286
94205286
93619489
93619489
93752688
92746261
93100742
93478678
92843216
92013477
92921505
92501469
91345813
90969177
91575818
92161615
92558643
92104462
91965764
91763788
90727310
90849873
90491879
90814008
91018432
91381203
91176779
90936079
91568142
91454942
92193429
91489628
91355105
91578203
91381808
91740796
91779413
92545442
92741837
92382849
92186454
92069337
92069337
92400702
91507632
92149539
92492799
91289786
91461155
90991220
90684133
91074773
90442710
91053084
91735707
91735707
91735707
92769773
93641262
93025425
92532489
93085838
92742578
91802679
91136125
90879126
90109579
90921082
91099145
91171921
91503445
91365550
91365550
92401937
93145349
92278231
91728617
91086710
91475128
91314301
90978607
90472946
91095724
91816193
92190863
92665370
91631304
91777065
92247000
92247000
91862995
92441899
93193238
93465278
94684772
94377812
94582678
93859498
93534281
93959557
93571139
94237693
93571139
92946001
93162984
93206072
93415837
93534869
93116639
93906953
93141729
93007206
92488331
92954048
93035961
92704596
91914282
92088988
91681748
92013113
91923669
91804637
91340053
92193409
91444525
90944298
91521836
91668485
91843961
90743112
90908892
91456795
91927133
91927133
91976657
92058173
92804032
92804032
92541212
93041439
92817312
92735399
91807825
92070645
91359322
90884411
91464392
90718533
91372432
91837016
92510821
93070666
92989150
92593489
92324871
91304634
91754691
92257319
92757571
93045546
93452786
93172189
92963276
93013910
91876520
92491014
93630897
93630897
93986017
93516082
94417257
94850753
94179866
94850753
94134692
94134692
93377458
92564720
93039631
91691499
91088948
89959822
89985755
90373254
90843189
90455690
91001144
91426090
91353314
91430473
91430473
92300683
91500629
91538350
92295584
93652854
93671266
93391635
93978376
94353074
94037296
94037296
94483094
94795268
94646262
94385531
94031627
94132247
94074917
94749876
94270503
94270503
94735895
95061497
94943285
94588165
94550444
93645436
93926033
94466885
94466885
93991974
92748235
92340995
91517246
91796877
92276250
91375075
90997866
92552675
92813406
92931618
93118690
93495899
92913187
93102477
93909594
94062752
94169654
93705070
93705070
94139903
95235654
94983965
95041295
95516206
95234199
94754826
95003218
95324067
94858675
94931451
95495797
94823251
94445315
94254217
92956209
92448708
91805557
92296084
92296084
92252996
90644010
90153483
90344581
90799650
91279023
91427011
92515972
91879986
92299520
92209677
93017427
93241554
93703569
94301041
94450047
94124445
93645072
94105808
94259829
95022017
95015982
95015982
95651968
95177461
94722392
95197841
95479848
95844004
95696016
94430759
94206632
94318327
94264539
93228152
93379092
92689219
93181669
93181669
93954178
94461679
94461679
94379339
94814553
94567925
94238292
93762843
94746177
95148225
95372352
95750288
95563216
95128383
94764227
94613287
94860673
94360822
93220939
93891409
93891409
93812487
93768786
93579496
94596633
94813437
94895777
94895777
94895777
94895777
95043765
95359543
94920411
95437010
95330108
95295817
95295817
95771266
96210398
96407263
96241540
96507729
96507729
96007590
96406512
96124505
96124505
96124505
95858316
95634189
95823479
94700376
94982383
94700376
94700376
94113648
94395655
95032530
94571794
94751744
94535750
94338885
93724726
93940720
94401456
93840890
92874324
92203854
91656099
91656099
90967830
91013509
90797515
91539489
91539489
92361526
92918148
93296498
93883226
93120925
92780503
91399988
91437709
91554479
92084408
92297479
92418392
93331888
92418392
91864020
91582013
91368942
91913722
93294237
92821755
92757220
90710922
89744635
89196732
90217267
90296189
90844092
90226251
91246488
90044877
88859348
89066461
88857414
89376556
90078459
89346708
90034977
90034977
89957018
89957018
89957018
90470070
91201821
91371238
92430737
92876462
93437028
93051740
92503837
92835283
93263659
93658202
93360229
93360229
93281307
93363327
93363327
93449900
94081770
94708033
93317510
93778414
93960217
94508120
93982014
94021859
94187582
94101009
93577711
93918133
94216106
94214174
94024884
94690111
94154495
93653283
93281564
93788818
94314924
94416456
94076034
94250404
94733478
93164417
93415822
93249266
93500111
93969055
94085125
94388652
94751830
93731593
94582971
93426217
94143607
94069451
94440272
94396442
94430851
94802570
94846400
95015259
95052590
93839510
94792327
96005407
96005407
95642229
95784398
96434012
95869049
95869049
95834640
95650786
95380801
94587800
93854624
93788263
93041559
93819721
94612722
94812457
94695975
93160236
93160236
93160236
93160236
93548667
94065234
93585899
93186374
93220665
94310425
94875388
94793745
93580665
94027210
93797955
94826708
93767209
93988218
93690245
94070551
95134589
95843357
96059966
96505945
95473375
95555018
95779145
95779145
96119567
95673022
95400022
94441124
94146387
93634201
92264595
91760859
92492248
92938793
92938793
93181065
93347621
93105349
93105349
93299073
92734110
92271891
93004882
93088994
92386769
92848220
92570399
93386338
93041953
93584380
93768234
94041234
93511158
94381801
94381801
94308793
93744970
93760782
93218355
93782178
93321169
93619142
93963527
92841294
92841294
92513901
92306788
92316096
91627827
91578963
91531390
91531390
91321070
91909533
92609166
93101638
93101638
93631946
93828632
94135670
94324960
94201345
94528738
95062755
94972790
94592484
93687999
94322902
94288611
93555620
93552808
93830629
92998184
92303086
91239048
91869470
90832841
91412991
91412991
91272806
91733450
91367880
92180712
92548254
92747153
91631439
90456773
91431851
91747032
90730120
90414939
91029517
91759783
92061153
92271877
92779104
93650199
92675428
91575400
91302400
91957695
92323265
93060949
93293978
94394006
93293978
93293978
93437583
92773492
92773492
93359908
94148097
94257046
94502066
94712386
93791341
93871920
94284792
94424977
93546982
93544679
93081060
92685088
92685088
91942884
91266401
91392935
91194036
91691594
92188474
91797562
91245632
91450154
91109732
91109732
91084997
91172461
91156649
90634755
89827638
90264857
90529114
91028696
91580626
91161270
90864941
90228955
91016726
90376080
90222901
90446172
91757152
91939670
92435040
91647269
92089549
90500239
89985136
90163101
90883655
90883655
90990277
91533510
91769899
92654233
92413233
92413233
92085840
92525934
91739450
92340959
93028126
91952126
92066504
92261178
92274251
92522550
93007199
93007199
93174529
93332433
92645266
93064622
92142981
91748714
92144686
91898078
92819719
92373174
92493605
92121434
92493605
92904651
92904651
92904651
93591818
93373565
92866040
92381391
91948730
92395275
92778758
93173025
93446025
93051758
93480641
91971458
91605888
92000155
91834894
91446463
91707026
92146418
92302008
92543791
92379890
92545151
92971456
93370319
93664532
94323172
94438206
94211764
94082931
94309373
94309373
93650733
93774645
93471624
92805289
92376406
92500021
92500021
92758975
92181351
91908351
92960574
93188907
92821365
92821365
92402009
93494660
92454843
91929640
92588280
92688086
92961086
92300040
92386108
93127633
93270398
93345924
93861027
94395963
94921166
95310974
95082197
93961815
94350246
94972680
94578378
94653066
95115275
95344052
96020211
96622158
96622158
97096503
97667046
97374926
97374926
96838303
97391029
97391029
97053854
96787005
96112312
95048038
95722731
96470350
95942944
94700108
95322015
94806912
95334318
95038192
95117005
94888228
94288989
93571010
93201039
93930827
93456482
93025920
91566513
92524147
92314167
92599369
92599369
91977462
92269582
92269582
92282487
92117226
92455171
92849473
93449220
94154541
93900785
94415888
94644665
94819801
95645098
96250298
96849537
97090973
96258784
95796575
95455801
94940698
94711921
95249375
95079177
94398738
94579217
94464183
93893640
93146021
93486795
94318654
93812158
94349538
93846699
94013267
94252469
94252469
93420610
93855201
93317747
93264030
93415706
93308462
92735725
92735725
92555246
93125517
92884081
92930170
93514503
93468414
93255365
92509369
92915807
92740671
92119542
91736059
91261567
91832110
91879473
91133961
91133961
91876311
90917327
91494850
91411238
91969553
91575251
91778889
92183281
92445908
92919663
93259425
93281811
93784650
94168133
93119395
92014573
91784700
93123808
93742059
93401285
92647567
93706875
94249233
94201870
93909750
93647123
93263640
93694202
92992688
93284808
92911556
92911556
92160501
91632388
92162515
92391292
92484058
91467138
91311548
91695031
92643759
92984533
92984533
93413281
93413281
93778851
93117111
91605687
92449451
91642717
91112590
91555733
91749001
91555733
92358691
91142223
91771672
92449241
92050378
92157622
92456026
92116264
92290454
92290454
91712931
91347361
92161628
92384830
92971226
93632966
93632966
93934204
93396824
94573695
94774125
94418933
94418933
94418933
93604322
93305594
92207662
91299420
91698283
92548632
92687248
91589370
91860954
91150596
92611955
92611955
92149769
92239703
92964897
93483373
93001069
91918371
91891855
91624125
91338923
92759195
91672855
91672855
91784618
91737309
91401346
90994908
91405459
90994908
90942939
90559456
91034240
91476744
91992424
92355021
92568409
93028108
92563573
92222799
93403424
93017968
92356228
91658489
92029493
92165293
91678658
92528260
92684222
92907662
92907662
92999297
93338372
93384753
93384753
93768236
94254871
94483443
95025220
95112958
95678293
95640004
95153369
95153369
95402028
94850916
95158658
95443860
95443860
95443860
94600096
95151208
94008946
94968168
94272434
94613113
95302743
95305905
95305905
94922422
95152536
94331923
93991244
93991244
93059369
94252042
94378723
94378723
92914752
91407859
91791342
91066148
91066148
90376518
90401253
91401544
89843964
90570225
91556637
90933405
91317819
91725273
92874145
93393297
94441294
94441294
93466385
92966891
93363411
93003894
93088818
93610674
92378124
92786972
92538313
92538313
93304895
93151541
93734492
93983151
92553608
93986704
92809833
92402379
91809805
92340309
91687448
91214394
89394638
90317656
89168784
89363462
89363462
89596468
90157485
91367007
92561539
93306595
94076823
94595071
93701936
93694124
92646127
91820830
91507020
92067064
92304726
91854314
91672729
91672729
91672729
91296510
91388354
92213651
92575386
93025798
91860234
91552030
91475320
89963340
88753818
89947190
90539764
89504256
89542780
89683886
90120097
90725116
91315436
92458495
92110076
92406289
91873146
91873146
91672716
92195574
92195574
92195574
91672650
91909388
91909388
92275982
92712550
93319728
93469449
93964662
94169312
94381883
94343359
94196537
94484657
93290125
93435667
94118814
93373758
93161187
93373501
93928531
94276950
93322094
94460597
94728912
94124254
92930882
92804201
92909991
93300718
92870156
92605313
92148216
92306699
92433380
92028988
91359769
91798113
92933861
93076277
93340387
92262163
92719260
90984543
91223321
91223321
90446944
90900618
91267362
91830239
92080736
91392467
90897435
91491629
91634173
92562619
93037671
92910990
92899729
93587998
94110922
94320160
94543625
94543625
94855703
93717200
94712348
95133718
95666978
95956156
96032866
96032866
95335586
96036573
95682894
95393716
95734347
95734347
95575864
95285695
96062072
96531793
95919300
95682562
95401246
95730135
94975051
94740605
94740605
93796701
94437386
94294842
94218132
94817753
95563473
95166759
94286500
94699166
95002207
95067619
95943710
95837920
94961829
94064249
93743159
94809238
94809238
94370565
94537367
93401619
94396970
94085772
93350819
93025703
92908424
93239977
93239977
93035327
92439099
92643749
92010955
92370569
92718994
93299284
93785163
93675218
93594551
93594551
93108672
93129569
92600051
93085930
92291250
92291250
92650318
93246546
93495436
93601226
93748413
94458741
93886547
94024150
94440363
94550308
94635411
93786917
93461023
93461023
93214167
93657334
92887106
93525877
94077397
93934253
92633729
92479368
91730656
92479368
91733648
91904064
92448919
92774813
92774813
93501125
93846609
93961541
93960804
95261328
95600351
94786940
95557168
94434652
94409917
94895980
94717579
95625857
95074337
94511216
95496120
96012981
95742876
95397392
95897237
96199720
95663360
95337466
95459648
94710936
94908122
95034803
94618590
94038300
94454513
93951640
92570875
91382031
91296928
91352638
91678532
91769816
92898458
93372447
93515591
93937243
94059426
93463198
93869941
94181139
92913502
92088205
92209191
92053224
91588625
91785972
91751001
91384257
90827705
91407288
91303220
91106034
90618899
91086529
91693913
91799427
92186811
92527341
92527341
91597758
91531932
91531932
91772621
92259756
92104243
92172939
92451763
92065512
92995095
92995095
92424872
91753779
91148980
91259513
90615445
90546749
89113653
88966466
88151855
88735473
88261484
89461785
89275887
90071042
90710113
90274937
89403124
89637570
90380888
90916170
91620397
90877079
91333516
91567339
92018488
92345306
92834516
93903152
93435522
93582709
93235679
93364734
92190381
92293514
92293514
92607324
93178866
94004163
94690938
94460265
94146455
93101592
91949563
92217382
92252353
92469465
93448864
92380228
92633959
93785988
94581942
94269398
94533346
94730193
93750794
92635597
93021848
93622597
93622597
93379324
92449741
93193877
92586493
92899037
93289027
92902776
93250649
93491034
93491034
93063322
93252949
92350779
92621562
91646865
90942638
90303867
90806644
91252185
90702492
90163421
89706984
89350079
88729663
87785010
88661477
89720128
90269821
90166688
90520935
91136428
91322591
91177455
91526268
92164298
92009937
92381972
92368079
92027549
92183597
92723190
91572311
91593229
92200850
92065058
91917871
91553390
91815349
91970862
91483921
91483921
91970862
91363241
91724987
91697858
92403098
92780133
93406662
93534588
93670380
94568907
94382179
94382179
94196016
93426889
93277705
93277705
93277705
93334603
93535991
93379943
93693753
94630839
94630839
93322143
93851299
94517219
93977626
94616397
94583721
93918550
93685335
94048644
93261353
92826410
93018579
93442102
94261095
94650358
95340264
94188235
94188235
94287574
93597668
94287574
94980718
95387431
95520722
96672751
95902523
94465704
93897935
94264906
94104607
94094846
94364421
93314986
93439278
93004221
93874221
94238702
93751761
93900945
93135684
93934143
93231018
93655415
94590554
94540111
93316876
93665079
94680523
94680523
94316042
93490745
93501838
94013106
92850037
92697281
91937224
92646164
93337697
91825598
91701306
91847190
91837936
91987831
92088472
92342465
92494012
92292624
92452617
93494566
93191958
92412501
92001483
92148670
92148670
92512160
92450641
92021469
92996549
92278574
91950839
91950839
92555939
92940074
93178625
93178625
92356684
92682364
93657061
93316065
93825698
92615510
92665953
92862999
92250904
92921668
92431081
90596557
91608788
91608788
91099155
91930934
92144012
91870984
92240335
92513363
92513363
92659594
92558953
93209467
93209467
92633300
92568958
92712908
91565062
91233611
90607082
90607082
91837260
91982811
92760337
93138081
92487567
93220299
92197582
92265355
91844782
91844782
91593180
92225680
91270021
91006073
90850560
90073034
90306227
90073034
90687202
90184816
89268802
88359260
88359260
87084361
87321622
87321622
88749850
89001452
89230801
89292320
88166280
89064173
89519014
90186542
90845850
91092502
91376714
92790032
92395500
92605150
93195559
93274664
93804477
92574299
92050507
92244501
92320909
93499696
93894228
93748677
93945070
94336926
94368475
94301260
93646912
93646912
93646912
93041812
91967951
90787273
90550012
90931194
90340785
90864577
90226578
90534946
91312472
91987160
92736177
92212385
92586706
93213235
92917845
91959613
91022527
91489259
91427740
91634067
91594885
91832146
91832146
92233246
92326575
91945393
91945393
91422111
91276569
90522877
90147496
90147496
88779755
89245875
89627057
90639761
89928732
90837792
91133182
90802672
90802672
90915296
89785175
89418204
89772446
90344103
90719484
90016460
90067888
90591680
91673455
91926000
92718874
93152558
93191222
92058277
91892719
92118508
92059298
93018192
93319583
92898407
93025575
92717207
92964704
92757388
92757388
92757388
92302547
92392145
92861866
92101795
92382725
91652299
91216574
91216574
90517567
90517567
90641272
90641272
91269027
91531040
91418416
91914620
90979481
90979481
90953206
90616677
89823654
90414063
90825911
90520877
90520877
90307799
90915438
90915438
90915438
91220472
91026318
91138942
91475471
92180394
91298658
91413336
91394824
92150099
92150099
92642219
92787620
93295701
93295701
93330458
93639789
93334755
93334755
93471500
93568499
93770095
93240177
93307392
93307392
93446470
92713738
92569788
91929882
91272745
91377967
90914984
91519891
90454701
89672963
90059738
90254332
91107316
90912722
91615746
91922244
92129560
92129560
91047785
90088891
90881914
90870821
91400739
92015617
91583017
90760617
90760617
91782584
91766262
92294090
93512952
93565182
94363882
95240129
95032813
93889199
92917026
92556068
93432710
92904882
93058984
93927533
93410882
94177241
94031840
93686803
94119403
94263353
93241386
93104641
93396028
94256980
93380733
93866996
93206558
93206558
93577770
93493357
92904062
92929751
92443488
92443488
91941903
91941903
92818087
93179045
91965870
91276046
91662139
92169725
92100612
92322117
92252323
92301798
92646835
91891560
92558114
92558114
92824604
92288232
91812044
92408968
93369837
92476592
92274996
92359409
92359409
92584928
93141827
92673289
92880605
94057816
94188673
94409102
94897882
95451370
95401895
94983610
94923369
94792512
94345094
93561720
93698465
93698465
94417273
94352899
93815389
93978673
93978673
93212678
93719589
93962996
93279336
93609846
93740703
93684890
94005700
93573100
94466969
95018421
95074234
95285316
94899223
94494030
94795311
94863846
95490212
95330452
95465462
95770096
95834470
95690356
95690356
94404022
94348209
93711107
93231136
92587065
92691058
93464706
94095859
92801158
94020710
93668751
93718226
92934852
93718226
93468461
93784798
94468458
95081019
94894902
94100135
93643829
92977275
92977275
92229416
91766669
91957046
91957046
92295696
92693896
93150202
92881007
92437505
91824944
92211037
91550325
91115166
91759237
91894846
91215201
90186134
89479287
89895074
89783598
89169430
89354478
89937203
90008238
90321723
90269493
90691510
90275723
90068621
90835709
90285796
90791708
90014182
90309455
91086981
92035329
91174377
91627073
91995127
91678790
90870163
89751631
90635550
91302104
92269452
91873821
92059938
92129732
91332571
92798363
93005465
92550288
92729305
91949694
91551494
89976166
91004626
90659222
90942441
91043801
90853424
91198828
90314776
90375651
91155262
91998479
92463974
92212547
91229823
91229823
91400441
90794295
91496784
92017406
91492752
90790263
91909736
92220488
91382283
91488986
91631873
92173794
92638944
92584744
92584744
92584744
92752218
92427165
91459817
91459817
90941240
91747697
91064037
91064037
91518762
91019242
90352688
91103038
91786698
90786330
90379820
90039656
90193078
90617939
89990492
90147068
90491430
90036705
90642851
91894980
92220033
92030519
92649782
91882694
91054152
92088125
92816599
92351104
92537648
92497616
92497616
92612106
92612106
92362403
92323739
93090827
93090827
93378272
94044826
93462101
94044826
93225175
93404102
93404102
93693939
93144572
92848625
94001870
94296345
94321802
94963800
94344537
94398737
94898257
95037017
94950906
95500273
94718393
95128255
95128255
94823621
94823621
94823621
93930796
94328996
94363955
93980434
94495089
95358960
95445071
95445071
95313932
95654096
95721837
95721837
94964379
94777835
95156005
95433248
95433248
95356840
95367427
95297633
95009691
95196235
95196235
96070839
95404285
95690143
94197981
94197981
93541264
93726247
93984604
95153239
94808877
95382778
95485965
95418224
95418224
94867376
94867376
94867376
94255140
94867325
94479795
94439924
94439924
94990772
94116168
94431245
94993492
95207317
95277111
95277111
95467488
94678907
95141484
95811850
94941324
95604802
95279274
94869412
94869412
93648345
94708162
95079216
94268821
94527223
94850750
94850750
94244604
94209645
94125232
94655560
94981088
94055229
94398873
94000673
94609610
94422882
94422882
94213035
94275467
94462195
94500859
93985523
93730079
93897130
92935722
92481068
92348387
92250920
92656073
92711738
93061936
93224648
91857645
91926628
91857645
92255845
91411972
91540414
91540414
91730376
91269934
91730376
91365933
90801502
91212730
92308143
92105399
92107483
93299414
93386723
92922335
93437671
92314177
92314177
92312093
92518189
91771698
92133216
91677937
91082809
91239234
92025471
91700418
92037675
92362728
91892421
91892421
93595192
93802240
92706827
92565160
93162454
92669624
91884941
91853027
92477032
92917282
93391310
94846834
94846834
94978926
94778441
94778441
94961998
95196237
95451563
95662701
95188673
95330340
95330340
95683555
95983837
96365357
95518843
95324863
96124817
96532814
96009796
96023032
96152160
96152160
96522020
96310882
96051793
95442856
95583817
95253803
94458104
95105261
95146294
94584047
94912119
95087073
95700658
95240216
94222450
94599326
93715407
93482839
93555793
94186169
94539617
94784068
95138525
95303438
94472963
95227353
95334293
95611186
95201228
95297980
95089391
95406372
95081319
95068083
94297625
94297625
93098830
93307419
93582615
94411565
94550752
94699294
95006745
95282276
94629183
94410329
94410329
94875824
94522609
94754670
94754670
94754670
95773507
95315511
95314979
95259314
94919150
94453655
94778708
93892177
94168401
93171488
93431234
92640912
93280380
93658967
93999131
94767695
93064924
93368620
93152238
93612680
94451445
94842260
95328886
95451717
94651763
94290245
94290245
93819247
93363769
92698638
93080695
93280335
93280335
93280335
93536173
94252836
93639251
92441026
92441026
92856439
92724347
93040073
91907218
91675157
92024562
93034345
92903358
93131707
92424619
92424619
93469770
92336231
93043319
92493703
92163373
92727804
92604712
92405166
91698078
90981415
89159652
89365401
89421214
89743069
90037584
90902822
91516407
90868853
90156941
90293910
90865255
91998418
92197964
91744328
91848723
91440726
91629168
91629168
92257511
91836915
91007980
91217850
91047832
91212038
91716164
91985945
91231555
91561885
91969882
92084341
92011039
92011039
91628982
92754731
92555185
93436710
93133058
93901431
93293300
93293300
93293300
93513542
93038179
93609825
93803805
94131126
94057466
93619209
93242333
92966802
92966802
92267521
91902922
91902922
91595471
92066469
92066469
92263112
92461933
92332805
92549187
92926063
92609082
93047339
92668752
92668752
91735823
90978580
91458501
90701043
91448765
91765525
91997586
92567093
92874544
93093235
93475292
93475292
93792273
94549731
94515757
94819409
95622095
95413506
94137093
94137093
95061133
95061133
94968927
94740578
95311678
95390566
95809917
95902123
94965303
94518665
94518665
93796494
93738504
93738504
92481325
91947627
92890694
93204806
93520353
93203891
92985200
93871007
93084007
93400469
92704051
92140834
91220871
91977016
91977016
92050676
92113402
91502630
91502630
90743833
91559957
91768546
91784189
92394961
92683350
92643336
93010869
93418738
93620621
93775208
93775208
92946122
93392760
92477624
92743633
92379709
93079374
93620415
93814850
94041670
93191337
93410028
92850687
93737763
93825098
93696656
93176579
93917022
94378692
95108217
95108217
95012045
94687453
93957928
93957928
93496258
93453613
94095350
93619258
93100235
92750037
91653321
92568457
93131674
93106183
92351539
92351539
92579447
91535193
90620057
91365781
92007091
92700372
92787480
93061306
92174737
92174737
91287661
90547218
91311517
91311517
91152372
91502570
92493553
92493553
91882781
91882781
91147515
91147515
90635645
90999569
91682592
91854742
92000906
92200484
92935750
93229025
92696378
92373019
92735618
92880965
92855901
92855901
92162620
92162620
92674490
92674490
91738128
91738128
91941687
91057658
91252363
90150696
89512025
88880050
89657759
90398202
89449252
88701530
89886150
90064512
89549670
88932499
88932499
89931785
90464432
90193951
90849963
90124751
90489917
91445251
91960889
92555962
92802063
92146051
91614365
91192937
91629952
91629952
89945344
90601356
89413662
88659517
89006515
89165660
89775315
89378048
89179227
89576494
89211328
89774208
90229683
89974820
90397229
90397229
90437243
90242538
90576712
90649083
91097772
91821804
92780949
92383682
91902480
92383682
93468195
93600876
94157584
94546413
95060366
95060366
95361339
95361339
94798122
93864314
93383112
93780379
94343596
94009062
94009062
93300902
92307885
92328381
91672369
91466938
91052926
91698343
92403719
92802129
92838916
92798902
91808705
91492243
91753059
92480597
92686028
92686028
92686028
93276000
93541642
94173416
92741704
93389782
92788300
93046434
93333085
93641937
93797530
93876045
93681610
93447713
93275385
94365714
93375796
93045466
92608451
93260820
92742388
92309674
91626854
91740350
91474708
91807875
90533006
90884526
90537285
90659874
90174971
90744295
91761404
91249687
90851277
91106064
91669341
91319936
91404773
91980244
91221447
91571081
91992509
92114509
92114509
92035994
92794791
92233006
92233006
92574389
92610232
92610232
92404801
92586115
92395553
92771682
93180848
93259363
93259363
93499026
93716159
93519288
94084034
93529643
93032604
93342995
93965550
93656698
93410597
93494144
93221334
93706748
93451961
93442419
93614747
93716280
93716280
92842275
93032837
93346858
92773121
92773121
93027908
92783570
93657575
92745865
92737024
92215474
92582868
92582868
91948496
92221306
93054061
92947930
92947930
92467917
92467917
93572004
93317217
93317217
93268095
93504499
93857811
93521820
93857811
94068266
93692137
94724919
94889043
94666267
95042396
94701013
93882404
94260965
93569103
93715576
93111477
93338601
93338601
92853187
92949665
93817396
93241925
91362344
91749130
92054228
91718237
90716055
90362743
90688271
90847331
91358690
91657094
92069342
93429739
93193335
93193335
93260857
93425421
93115030
93489870
93609022
93383671
93085267
93313832
94005694
93627133
94290836
93647576
93114388
93114388
93322741
93898212
94124249
94230380
94185402
94043676
94160281
93711592
92763952
93212641
92816731
93039507
93459655
92806774
92903026
93108951
93566864
93404302
93601173
92748624
92545797
91944486
92241565
91417469
91305206
91719218
91831481
92034308
91241617
91707164
91446169
91716005
91716005
91321898
91364556
91544189
91938296
92762392
92762392
92005462
92745821
92703163
92791956
92221854
92221854
91822863
91822863
90483584
91028254
91888662
91685835
92306236
92455194
92660254
92373068
92168008
92922773
92478515
92834317
93033440
93033440
93638441
94055664
94807028
94834658
95233649
94814279
94686285
95270674
95343776
95343776
96246731
95032839
95406646
95920118
95518786
95546991
94934606
93901824
92998869
93871259
93357787
94679897
95305009
94670982
95193021
96225803
96035241
95175828
94380050
94893522
94767679
94767679
94799593
94425655
93923884
93538597
93426334
93227211
92353237
92584074
93157696
93356819
92041057
92836835
93131261
93259255
93724510
92691728
93307661
93069894
92901464
93277715
93078592
93449799
93956576
93616214
93864248
93864248
93011610
93334606
93708544
94146132
94969812
94677478
95017840
95541339
95167401
95660711
95660711
96045998
95539221
95539221
95306348
95637982
96139753
95667577
95667577
95143668
93939492
93102592
92892198
92644164
91026687
91927976
91725421
90802882
90120129
91062417
91288702
91433855
92293268
91012617
91406839
92248870
92901679
93331343
93331343
93145647
92939722
92545615
92612293
92262893
92657000
92590322
93062498
92332923
92807370
93489946
93207273
92666124
92911968
93578602
93485998
94027147
93071467
92856094
93438242
92627292
92627292
92965248
93215807
92286170
92098755
90246718
90040076
90246718
90669920
90410449
89104818
89364289
89619417
91064371
91302138
91430232
92458146
92823431
92282282
92279946
92548785
91363231
91403314
91952756
92379808
92626101
93629721
93419685
93908793
94189486
93700378
93910772
93549057
92696587
93438893
93658598
92202941
93880027
93628649
92669545
91693955
91611373
92156820
91531708
92003587
92596204
92810450
93946012
94058000
93692715
93700594
93660511
93973774
93973774
93691101
93691101
92837061
92962720
93399746
93891119
93705583
93463841
93333340
92403668
92944817
93214890
93405647
92914274
91778712
91024065
91154566
91580255
91146639
92526398
92981467
92561319
93341971
94089437
94779441
94216206
94463120
94077833
93652144
93115778
92704454
92281843
92697786
93120397
91878781
91878781
92411081
93266247
92139734
91662442
91977505
92774579
93337814
93462381
93742777
93909448
94294735
95243481
94711181
94456053
94190021
94840844
94681817
94681817
95101965
94526494
93081540
93121623
92684597
92438304
92699329
92699329
92699329
92862180
93437651
93309557
93424453
92643801
92258514
92735806
91800750
91990853
92347866
92476592
92476592
92731720
92562731
91970114
92139103
90848298
91483846
92826907
93456532
92709066
92861602
93189499
92717620
93177893
92707253
92984082
92605702
92990989
93119416
93600515
94241439
93812785
93286909
92032322
92032322
90991706
90355900
91202826
90553532
90424806
90424806
89491690
90384690
90125219
89317248
90177446
89699674
90847433
91338681
90371200
90590030
91506933
92165405
92682809
92050270
92076428
92275571
93256209
92626584
92626584
92407754
92712216
92880802
92161743
92540123
93554399
93156828
92829970
93405324
93707241
93566350
93413814
92844004
93554729
93237725
93286956
93246873
92062744
92115658
91598254
92473921
92967564
93221773
93682590
92852091
92473711
92473711
91524347
91204732
91476122
91582323
91601188
91820043
92198423
92919142
92638449
92707578
93103330
93655220
94204491
94204491
93532714
93278505
94475903
94475903
94650066
94873474
94697282
94678417
94129146
93910291
94629350
94629350
94403616
94679956
94888502
94617112
94745703
94439570
94469442
93818619
94037474
93261782
92831223
92999883
92999883
92547699
92091879
91789962
91475766
91929276
92352934
92393017
91673958
92269577
92211125
91659235
91073988
91646854
91261567
90688701
91006402
91660086
91719166
92635749
92398846
92658317
92837248
92201700
91850876
91791796
91770512
91770512
91153921
90048032
89570740
89956027
90065830
90681943
91066696
91398286
91624020
91713782
91713782
92302557
91651596
91651596
91632930
91824740
92789093
91929680
92022219
92881632
92881632
92496345
92744464
92564137
92454334
92454334
92735027
93439255
93380248
93556440
93718978
93678895
93966019
94360807
94600141
94139458
93832126
93832126
93832126
93766221
93336180
93905990
93726143
93020460
93384517
93830597
94067500
93613990
93921322
94211815
94233397
93915696
94345737
94178696
94733520
94557328
94601152
95150423
95260478
95046991
95507674
95507674
95206605
94776564
94521436
93552246
93742047
93192776
93578063
93556481
93319837
93319837
92322987
92322987
92538405
92812032
92210388
92250471
91313863
91645680
91645680
92119022
92674956
93057055
93432232
93981503
93509327
93474031
93134373
93497647
92307484
91603256
92572446
92532363
93251422
92977795
94234095
93667065
94319974
93840521
94114148
94114148
94301152
94085734
94497638
94385529
94292990
94292990
94723031
94628781
94779640
94907734
95293875
95199378
95293875
95293875
95312740
95455941
95327847
95458531
95017837
95017837
95173868
94224022
94349009
94319137
94818149
94818149
94685742
94849731
94868397
94553597
94664264
94536105
94523127
93557717
93401686
93908955
94513538
94513538
93555268
93412067
93502664
93752287
93752287
92672551
93643799
93857286
94950855
95561584
96755432
96153838
95847708
95717024
95141166
94222285
94512008
93797584
93402796
92798213
93200523
93200523
93451236
94052830
94971711
94692101
94856330
94948869
93951163
93003288
92401694
92357396
92540354
93284650
92207655
92060559
92477050
92035380
91319364
91833558
92172675
92353677
92825853
92603330
92906878
93348548
93634683
94180856
95495182
95545795
95779003
96977182
97199705
97552115
97610016
97519419
96322021
96108534
96340266
95334684
94259732
93636583
94446187
95126069
93927890
94207500
95159146
94974304
94713096
94713096
94022041
94005717
94285354
94518256
94911163
94532901
94630178
93898459
94098639
94098639
93705732
92944318
93397579
94409166
94073243
94523620
94379284
94484504
93591239
92086263
92200254
92491112
93056048
93246404
93387395
93192047
92888499
92715099
92715099
92273429
92273429
92143192
92234533
91954923
92629848
92760085
92973572
91915644
90810481
90629479
91114029
92171957
92702695
92304923
92848896
92364346
92622484
92893481
92541071
93327888
92318773
92503615
92515935
92971170
92691533
91904716
92355875
92273064
92566469
93266324
92827862
92827862
93186383
93333479
93475848
94772039
94449103
93410959
93028910
92342208
92180951
92945982
92954314
92415938
92415938
92415938
91714778
92685020
92067143
92346753
92785215
92785215
93003555
92258278
92258278
92742828
93065764
93198214
92642299
91690588
92485343
93027572
93292881
93618581
93486131
93614225
93860758
94218861
94661467
93716190
92475626
92595306
92475626
92033020
92294228
93103605
92785919
92785919
92390167
92438227
91519346
92680707
93281684
93703151
93876070
93274941
93338726
93338726
93497657
93862138
94446326
94852024
94331722
94574234
93986256
94473751
94236638
93586081
93256880
92991649
93430019
92945469
93425980
93910530
92577626
92825497
93207546
92843065
94399623
94824153
94257215
93977605
93737650
93737650
92684351
92397300
92221216
92350737
91702158
90499235
90499235
90206331
90479314
90570213
91298113
92150478
91495186
91774796
92193524
92193524
92388205
92625318
92669616
93003425
92746538
92986493
92477407
92518984
92679699
92466212
92679699
92740799
93033703
93033703
92628005
91723589
92119792
91723589
92868172
92621639
91460278
91750443
91750443
92213597
92213597
92052882
92612155
92858688
92649183
92468980
93024405
93024405
93386780
93833367
94232342
94232342
94408426
94408426
94147218
95200806
95200806
95160310
95160310
95160310
94971575
93794790
94538062
93838207
93722523
92668935
92946725
93126928
92953427
92856816
92212729
92212729
92386129
93203717
93531634
93783032
93200050
94052381
94263973
94263973
92834763
92743864
91844555
90944336
91314796
90565980
90957361
91472482
92173096
92497598
92286006
92834463
93169519
93771173
93563556
93390156
93546940
93987582
93187160
93987582
93769615
94208704
94274656
95548093
95927227
96117033
96368187
96432082
96990551
97208518
97208518
97208518
96313476
96445907
96014220
96320771
96671329
97134318
96693624
95789098
95789098
95563725
94719319
94792983
94792983
94575016
94615512
95047199
93868059
94552423
94741158
94849498
94849498
93862668
93862668
93351170
93694753
92963225
91798287
91201868
92427077
92427077
93247670
92996516
93324892
92673609
93270028
93425801
92356608
92032106
91788050
92752641
92876070
93274843
93274843
92127507
92333185
93346288
93777364
93588629
94153649
94647360
95072490
94578779
93663180
93908356
93908356
94541414
94385641
94385641
95036924
94403866
95004602
94201808
94137913
94838881
94557383
94132253
94333466
94778080
95059578
95484708
95673443
96343866
96454897
95889877
95749560
95262065
95352964
95352964
94309106
93805129
93805129
93816642
93707434
93325641
94615998
94966419
95159957
95388449
95373555
94939109
95412717
95624039
95435546
95893501
96128345
96270213
96528115
96891940
96433985
96222663
96262395
95871014
96089291
96480441
96251949
95970451
95572179
95481483
95122962
94157823
93584330
93942851
93383578
93751382
93251073
93408789
94340966
94340966
94613889
94296778
94437095
94835367
94835367
95295600
96260474
96002572
94015184
93583312
93138698
93138698
92007468
91703772
92498399
92169292
91666841
92226114
90929923
90305260
90305260
89297041
89297041
89549772
88902468
88173084
89054977
89308672
89604410
89682705
90205549
90205549
90487047
89938828
90859106
91242833
92646263
92356400
91972673
91759652
91409848
91409848
91409848
92034511
91887740
92369732
92558225
91906942
92382631
93147069
93647378
93616097
93750005
93406422
92089209
92379751
93055713
92897997
91933123
92312395
92312395
93033217
93196270
93882428
93784147
92876335
93784147
94079752
93511797
92825639
93258582
92977084
92977084
92078799
91313993
91426659
90587903
91486188
91982621
92218044
92874317
92172433
91773660
91063568
91902324
91902324
92120664
90981565
90847657
91333173
91097023
90063353
90041628
89735592
90137356
90823514
91588320
92156275
92282349
91517911
91517911
92171494
91470526
91470526
91820330
91546797
90494253
91061871
91061871
90643509
91584838
91584838
92031344
91556067
91260462
89856906
90185130
90609590
91350036
92501011
91927743
91393744
92060971
92427414
92932697
92932697
93816184
93298612
93485187
93002336
92936303
93359822
93506593
94024165
93105951
93105951
93401939
93941733
94076423
94452616
95137608
94255715
93437193
93452087
93452087
92364811
93086447
93249366
92289231
92551251
92255263
92751616
92423392
93425575
93207298
94094126
94079232
94282501
94557032
94416715
94728246
94928992
95263160
95836428
94834245
94703002
94703002
94540083
94736532
93849704
94313461
93999250
94289113
94787193
95008575
95632094
94724814
94724814
95350842
95968859
96121129
95028164
95191083
95505294
95562906
96073045
95710156
95263601
94654266
94304462
94771552
93548778
93869099
94230345
94793444
96020561
95570548
95119576
95119576
94546571
94411881
94852646
95152257
95433755
95851890
95841235
95083265
94721357
94153125
93497289
93725290
93415751
93495871
94034782
94034782
93603232
93614745
93147655
93457194
93457194
93724107
93724107
94030143
94025892
93545924
93070235
93223401
92598738
92960646
92960646
92960646
93527330
93994420
94234147
93328096
93896328
93629415
93730549
93703073
93896714
94487003
94487003
94767022
94764339
94348279
93761035
92558455
91299623
91437674
91669811
92650242
92650242
92344206
92902699
92056035
90524940
90703127
90890495
90771001
91617665
91910265
91163859
90626422
90796416
91610308
92045643
92392547
93195616
92440135
91304511
91379942
92135423
92986886
93580876
93561934
93977994
93977994
93236441
92646008
92577786
91965408
92522061
93370507
92909377
92234334
92657414
91907885
92732143
93310480
92507411
93256940
93531132
92304991
92611027
93099108
93344762
93927092
93927092
93404552
92537706
93121404
93102746
92219259
91913223
91934451
92521867
92751053
93462047
93462047
94243766
94396946
94097335
93347806
92642627
93155019
92982100
91908904
92353537
92687430
92932390
93610146
94210877
94041970
93661237
93729844
93219705
92428104
92195246
93109146
93292247
92931001
91940101
91501012
92089362
91828697
91598760
91382789
91779529
92032836
91443722
91209378
91547154
92620350
93183961
93480032
93669330
94175367
94764481
93457577
93679726
93798298
93617804
94902899
95102030
94902899
95273554
95579590
94699445
94607601
94347406
94258249
94314566
93042598
93922743
94081221
94257479
94257479
94362054
93668600
93411714
92256457
92762331
92762331
92657756
92672650
92672650
92519470
91495733
91184202
91507703
90368604
89936732
89876590
90108007
90108007
90099146
91062133
91294991
90822703
91961802
91609506
91358937
90534275
89600149
89993766
89993766
89858192
90247966
90372307
90752157
90414381
90739209
90996095
91304770
90053112
89633090
89105498
88699045
88834052
89147040
89511839
89511839
89693797
90374484
89993104
90952084
91479676
91911548
92901786
93134371
93281246
93134371
93391457
93144085
93324579
93078925
93564970
94104461
94902686
95121921
94813246
94259530
94356027
94524934
94765604
94765604
94894142
95049275
94481320
93814898
93814898
94382853
94628507
95767189
94969090
94598435
94607296
94023598
94151697
93865976
94567108
94567108
93646963
92507864
93290043
92377567
92444731
93188582
94038519
94647022
93147647
93390782
93390782
93390782
92863190
92571374
91915599
90842403
90827509
91352208
91754307
92156060
92416255
92416255
92416255
92163179
91682464
91682464
92066131
92043453
91375424
90597225
90650885
90549455
90216943
89648988
89870581
89428113
88289431
88570024
88799386
88676085
89409766
89409766
89814239
90067315
88764546
88939714
89825166
89643872
90014527
90123426
91158570
92056598
91480100
91798430
91976338
92418806
92161920
92416442
92759814
92220994
91158037
91042155
90781960
90966354
91270600
90572377
90572377
90829629
91669309
92367532
91469504
91627055
91799974
92161830
92161830
92007644
92376001
93022082
91447888
90801807
91282522
91282522
90225718
89887285
90474301
89657455
89572327
90286347
90286347
90977913
91931307
92223123
92900392
93454108
93231426
91986249
92071377
93104384
93456110
93456110
93456110
94583378
94754518
93721511
93838938
93124918
92975167
92193091
93118703
93771575
93354000
93344727
93019371
92305820
92443402
93401365
93913563
94136245
94136245
94393131
93669665
93929860
94643411
94131213
93532868
93950443
93130316
93733431
94194832
95022273
94064310
94245604
94172560
94172560
93691845
93803266
94012021
93101193
93101193
93061845
92562339
92332977
92044285
91605023
92628968
92988168
93586513
94067228
94363943
94363943
93339998
93569360
93836329
93875919
93524193
94264670
94264670
94592710
93803901
94213841
93363904
93935669
94202208
93986893
93890396
94801224
94801224
94801224
95254981
94904951
95332106
95526176
95634772
95795687
95802115
95802115
95838852
95926877
95582306
95325420
95398464
95398464
94459821
93796121
93904742
94440956
94440956
94862398
95131408
95131408
95322127
94617046
94273674
94238964
93019094
92846175
92940279
92940279
93988786
94138537
94398892
94985282
94382167
94621833
94457287
93780387
93016504
92379799
92501335
91093307
91251847
91482530
91155084
91860165
91860165
92393365
92511274
92036664
92253942
93087004
92669429
93019272
93608783
93608783
93608783
92781334
92781334
91889618
92549203
92791852
92868046
91959953
91765883
92149606
91804594
92607885
93050985
93283116
93127983
93955432
94585175
95024437
94640714
94640714
94640714
94640714
94640714
94054324
94527305
94929734
95711436
95287596
94680763
94063118
93629826
93312496
93834286
94239990
94349128
94043851
94395964
93862764
93500769
93648256
93416125
93949325
94297407
94461953
94843093
95040004
95272135
95232545
95850190
95850190
95879454
95609318
95166218
94626112
94965741
94367396
94699713
94623469
94953726
94721595
93239007
94473660
94643996
94643996
95229436
94823732
94653787
94859037
95140053
95312972
94544438
94647540
94647540
95213585
94554000
94272984
94531462
94531462
94679122
94385008
94533273
94005669
93841123
93788510
94082624
94252569
94993595
94688337
94855005
93915800
93698522
93845576
93926732
94383744
93786410
94544536
94906531
94280135
93740348
92707949
93039886
93644676
93497622
94285353
95076295
95076295
94967157
95563971
94835960
95021980
95468110
94838367
94133286
93907330
94360877
95088888
95405840
94948828
95200362
95830105
95703943
94975932
95725429
96446621
95788716
95395881
95395881
95444079
95787067
96227292
97098273
96841387
97120764
97377650
96937425
96937425
96340611
95438684
95577274
95020621
94643458
94624703
94624703
93804949
93873173
94692927
95350832
95274638
95905563
95544011
95825027
95765798
95939531
95679176
95057316
95188626
94856246
95017717
94571087
94571087
94903467
94674105
94469825
94601509
93663482
93762801
92996086
93373249
91908064
91823129
91953467
91588413
91588413
91701871
90414776
90974077
91590302
91057102
91290690
91296325
92216691
92684221
92079431
92079431
92652679
93185879
93073853
93330095
92890833
92540990
91948437
92153690
91582439
91838953
91464329
91458694
91833318
91124226
91897074
91564757
91996545
92934572
93170940
92971076
92568647
92433233
92508008
92947270
92602699
92419520
91211354
91521791
92032881
92032881
92262243
92412933
92412933
92911649
93205281
93393291
92637440
93123801
92830169
93195223
91875469
92075333
92425176
92215128
93025111
92249995
92738751
92738751
92874165
92668912
92396730
92448953
92761524
92944703
92702054
92714444
91964922
91964922
92017826
90765106
90276350
90544349
90816531
91583747
91854749
92370796
92457150
93173706
93722094
94297060
94999080
95227903
95753113
95753113
95872073
95872073
95133107
95338360
96044056
95927502
95595122
95155860
93454580
93737135
94143085
95239392
95686022
95429508
95562104
94270441
94372204
94236790
94493304
94493304
93798967
93239666
93279256
93146660
93709464
93917692
93829382
94107309
94335292
94164491
94028172
93112162
92031927
91762368
91229168
91762368
91216244
91578068
91578068
92026261
91460216
91717240
92292275
92630754
93082043
93082043
93252844
91936458
91248305
91552079
91552079
92264865
93016034
92383317
92499871
93013926
93820200
94161625
92766381
92045189
92242666
91620084
92242666
91859541
92156160
92762993
93666834
93796868
93108129
93169696
93168673
93357017
94277857
95124153
94197260
94671998
94485873
94716826
94716826
94571979
94571979
94571979
95164538
95429242
95031689
94574178
94505286
94505286
94837666
94739817
95094844
94986461
94410994
94410994
94973938
95447562
95051380
94491706
94866943
95511186
95375710
95722018
95722018
95722018
96237533
95614951
95942224
95058920
94334383
94945104
94549889
95156257
94653907
95194330
95537211
95435951
94809270
95280666
95280666
94516725
93800169
93901429
94254963
94300377
93707818
93840377
93590901
92828683
93415372
93125173
92669430
92669430
93418952
93895723
94822616
94998060
94569434
94543572
94833771
94520917
93701505
93079309
93481586
94232703
95126371
95100460
95100460
94442555
93827164
93077642
92161164
92099597
91225118
91840509
92188032
93104510
93239986
93148303
92494266
92254303
93034458
93490201
93490201
94070473
94477993
94234603
93619212
94368734
93725795
93757327
94372718
94222791
94233892
94420017
94388485
94414347
93340324
93580287
92940636
93583575
93399181
92839880
92839880
93083270
92400688
92928340
91809423
92322991
92322991
92576277
93123275
93123275
93197779
92668838
92004407
93407944
93964396
94090479
95026858
94298514
95205141
95723700
95421774
94541544
95087176
94561966
94973956
94838480
95192229
94849348
95507253
95507253
94103716
94605327
94605327
94220267
93360836
93849270
93849270
93168238
93849270
94919709
93732178
93145489
92733499
92664997
91875711
92600248
90939702
91135268
91823870
91580480
91965540
91326531
90332957
90332957
90482984
91277292
90206853
90618843
91011322
90757968
91643310
91687469
92095681
93186356
93186356
92778836
91994094
92265276
92600868
92600868
93117351
93241102
92818612
92472304
92582789
91720016
92157536
92274250
92124223
92124223
92124223
92436135
92436135
92689489
92689489
92897852
92730204
92771539
92500357
91899688
92591873
92158742
92501623
91607955
91272363
91375139
91375139
91808270
92454299
93128554
93193227
93462264
94361736
95426932
95023076
95023076
95694361
96242195
96258708
95270471
96290240
96290240
96440267
95963496
96018261
95461809
96198963
96082409
96082409
96378415
96108290
95149871
95286030
95286030
94563058
94563058
93656431
94123020
93986861
94759069
95107940
94716510
94562574
94716510
94123957
94247644
94247644
94817357
93924612
94038069
93911986
93430495
93553021
93689180
94052150
94386748
93712493
93712493
93116939
92568970
92547818
92685218
93011217
93627296
94114980
94862704
94375648
94988787
94346161
93644141
93318142
93960768
94095187
93799181
93985752
93862065
94170346
93437643
93561330
93830820
93005268
93471724
93715114
93072488
92459349
92100105
92100105
91226081
91750744
92239008
91941863
93030609
92876673
93326126
93613165
93039091
93523214
93109032
93656662
93207209
92723086
93082330
92825731
93275184
92868888
93166033
93289861
94022564
94428860
95109592
94420990
92945056
92083479
90994733
91792779
92158492
90940574
91448520
90686854
90389709
90761331
91948862
91519801
92100342
92564258
93487395
93023181
93414527
94239351
94362856
94383801
95146907
95300166
95725261
95860737
95723337
95042305
94443681
94443681
95042305
95042305
94918800
95035354
95291953
95647540
95249936
95362756
95362756
95093266
95645856
96049712
96392979
95270416
95633426
95119537
94088133
94088133
93971579
95195005
94512372
94736903
94925065
95379877
94991054
94560579
94949402
95155776
94136007
93337961
93503570
93848064
93848064
93848064
92699050
93212939
93683905
92906735
92089740
92089740
91732484
91608656
90976102
90260533
89397581
88930997
89277497
90074903
90541487
90058981
90473163
90093645
90562474
90911112
90911112
91409704
91409704
91505412
92282582
91777177
91044474
91843277
91843277
91843277
91923341
92206541
92544306
93164212
91936908
91712377
92445080
93276822
93028810
91805384
91338800
92066670
93203291
92690592
92176537
92877931
93633681
94084125
94493006
94493006
94358587
94213527
94729979
94977991
94684618
94684618
94531359
94531359
94106264
94572848
94891223
94891223
94064648
94489743
94757854
94733809
94844884
95224402
96461113
96822255
96355671
96590348
95948566
95948566
95647057
96053172
96053172
94853409
96053172
96053172
95750628
95137099
95271518
95334305
95768917
96484417
96717905
97019414
96914976
96613467
95750515
94994357
95607886
95246744
95508909
95102794
95261532
94804629
95193452
94915409
94159659
93909999
94143935
93857707
93045362
93317293
93418802
94060584
93651372
93651372
94464961
94758334
94836985
94023396
94495056
94585827
95370128
95950980
95950980
96184076
95729264
95834434
95496669
95495938
94303955
93830834
93217305
94029650
93232244
93533753
92493641
92902853
92125683
92365440
93557423
94170952
93947044
93478911
92873710
92601779
93109186
93582307
94874338
94706924
94706924
94472247
94472247
93659902
93164563
92346989
92603306
92964448
92603306
92161104
92161104
92486842
92536797
92452008
91860175
92188818
92021953
92495780
91756573
92574147
91563718
92709308
92933216
93018005
92141440
92165485
92607687
92502302
91988460
92185716
92484096
92822614
92645265
92822614
92587619
92925384
92685627
92894847
93085083
92791710
93668275
93468615
93602050
94103944
94041157
94375349
93754656
92599161
92599161
92865365
92865365
93154227
92825584
92572657
92669476
92962849
91931433
92623871
93025468
92376329
92737471
91172473
91878825
91773655
92875969
91673834
92228362
92333532
92820728
93025449
93660103
94249692
95275685
95661328
95176328
93988797
93256094
93165323
92575734
92575734
92550444
92358869
91378624
90573708
90981975
91267138
91885141
91975912
92420767
91603800
91578774
90572364
90211222
91308383
91308383
91533600
92018600
92106566
91634906
92078500
91563317
91867557
91904978
91904978
91331514
91331514
91803174
91360972
91645715
91645715
91645715
91645715
91160715
91676629
92589697
93400110
93712451
93104067
92286493
92510974
92510974
92088665
92088665
92051244
92185610
93097739
93554338
92099200
92707584
92707584
91897171
91455836
91493257
91854399
92490635
92904220
93302032
92389903
92832105
92832105
93435370
92431878
93224430
93224430
94280331
94765331
94251442
93617600
94716985
93424954
92848938
93257960
93493337
93466656
92367271
91351225
92047433
93339464
93321059
94628191
95086473
95049052
95285432
94549590
95058068
95148094
94416716
94459121
94795139
94959595
94959595
95663515
96399357
96417549
96807889
97129471
97301092
96221450
95767206
95767206
95710725
94870257
95452322
94941211
93876154
93484808
94406788
94008976
94418117
94617676
94617676
95548957
95211192
95585915
95142321
94633843
95365221
94491687
93809798
93785747
93842228
94472299
94528797
94737341
94737341
94885671
93765599
94323646
93539345
93687706
93391231
93005588
93317500
93303413
93303413
93757657
93001107
92765730
92922332
93438578
92765196
93046463
93325844
92953323
92415841
92906305
92536397
92642753
92714314
92960767
92324531
93265791
93406794
93518138
94014692
94436571
94684515
95205577
95514054
95514054
95530730
95064163
95681481
95457545
95401064
95880799
96372666
95856420
95310018
95310018
95310018
95293342
94259349
94315830
95349823
95349823
96023164
95925692
96149628
96463425
95855041
95981174
96589558
96753336
96133981
96291053
95555211
95136446
95136446
95602998
95356545
94934666
94994138
95436665
94920152
95208320
95483081
95028837
94757676
94504743
93083371
92782342
92783527
93049065
93962544
94215477
94834832
95098071
95098071
94963705
94811254
94948536
95215917
95215917
95572628
95873657
96609499
97037927
96021898
96932822
96819365
95785372
95060908
95266798
95043907
95043907
95564964
95425264
95586416
96093636
95748844
96065708
96632734
96083368
96453577
96654137
95911902
96389648
96874211
95740860
95354257
95903623
95646586
95990126
95079202
95336239
94510706
94510706
94147940
94492732
94492732
94235695
94948194
95790150
94495849
94495849
94218028
93794934
93444043
93397448
93820542
93662057
93662057
94919900
94919900
95221094
95363898
95522383
95259144
96414787
96756195
96161895
96179340
95447962
95446777
95221672
95508324
95017493
93786891
94160084
94650915
95031871
94266039
93622192
93622192
93484259
93877640
93576611
93551500
93829321
94068913
94090271
93850679
93493968
93824367
93806922
94497249
94045404
93844104
94145133
94370238
93903686
92820978
93022278
93371620
93093799
93737646
93877346
93546947
93505067
94014057
93307285
92609700
92118869
92049833
91363601
90993392
90792092
91047965
91745550
91022631
91453608
90454689
90298087
89704421
90055312
90275953
91179159
91535632
91560743
90755722
90947180
90977227
91743059
90988752
91720130
91256633
91921985
91372619
91147514
91928392
92108457
91573159
92516163
92775916
93738894
94008310
94506411
94758787
94710713
93624358
93816931
94917373
95302084
95112559
95375798
95375798
95614971
95232041
94795798
94795798
94997098
93827141
93502436
93589716
93589716
93696069
93696069
93345178
93700228
91941168
92166273
90743489
90646505
88850659
89351854
89351854
89909622
89327557
89587310
89068492
90243544
90243544
89609916
89891159
89666882
89553990
88646094
88976218
88356863
88665533
88489179
87931411
87474660
88790144
89347912
88865790
89401088
89726188
89724225
90231324
90598625
90982191
92043826
92043826
92043826
92483864
93694526
93136758
93453491
93781527
93966836
92714725
93198105
93315335
93428209
93428209
93476283
93518163
93174623
93174623
93830192
94738088
94992772
96092377
96132020
95579505
95195939
95688178
94587736
93806858
93433665
93403618
93894877
93303044
93303044
93163808
92610192
92408892
92924258
92977865
93361431
92860236
93794882
92639119
93140314
91921549
91831247
92237783
91061029
91603166
92289696
91586926
91486211
90944074
91250130
91945211
93261201
93374093
93256863
93256863
93242963
92859721
93633218
93830690
94636896
95117258
95306809
95283668
95283668
95283668
95283668
94928025
94870187
95396715
95257015
94570485
95194611
94703352
94703352
94505134
94457060
93547471
93393023
93416164
94300538
93322913
93942268
94495884
94135196
94135196
94135196
94684743
94464668
94732817
95371362
96348987
95731669
95731669
95731669
95668488
95668488
96211355
96211355
96211355
95672558
94681177
93396727
93898724
94720281
94650050
94851350
95940324
95706220
95239826
93785382
94874536
95417249
95200107
96100137
96100137
96298355
96532459
95823622
94939248
94741776
95563245
95046210
95205423
95402895
95644926
96379751
96379751
96236947
96334597
96382638
95855704
95696491
94788595
95305630
94405600
94104406
94771040
95215038
95717875
95995696
96903592
96646555
97564991
96786882
96786882
96643182
96994690
96181568
96784086
96256088
94784104
94706641
94783209
95311207
94496620
94655833
94300754
93708125
93844319
94165450
94502125
92991767
92467081
92274508
91509050
92107615
93081525
94312862
94796170
95435360
95173647
94229753
94608841
94253408
94514256
94168024
93012381
93058907
93993381
94401870
94801548
94763201
94838399
94838399
93903753
94656863
94656863
95567901
95850782
95691569
95196744
95590410
94224655
94819627
94558779
94558779
95077997
95294706
94395073
93734655
93734655
94328659
94826899
94986112
94986112
94986112
94376100
94393644
93798672
93864329
94219762
93503599
93760636
94242611
95358020
94195009
93384973
94106859
94938587
94667475
95923293
96196664
95923293
96464417
96464417
96827435
96105549
95969355
94981802
95252914
94979686
94586829
94979686
93895484
93354360
94438562
95093646
95143196
94238404
94293114
94614809
93948175
93707156
94461651
94068794
94325201
94248633
93692418
94273170
94663229
93777275
93286790
93808160
93638234
92892479
93261637
92663072
93384194
93976646
94698532
94772304
94922601
94532833
94050858
93237632
92382634
91440302
91795734
92402549
92695430
92215068
92160358
92197596
91847425
91849146
91985340
91457342
91831533
91924648
91862192
92267809
92795807
91662513
91662513
91379632
91662513
92517511
92042778
92788533
92129719
91537267
91676787
90479106
89862446
89862446
89507014
90415511
90765682
89935863
89935863
90552527
91112336
90531584
90806397
91453079
91887416
92603579
92557053
92282240
92528746
91985879
92148057
92257091
92737453
92737453
93717784
93608750
94072149
94451135
94754029
95094249
95641841
95003296
95003296
95409825
95247647
94629766
93983084
93983084
94366747
95007142
94942953
94371154
93462657
93735428
93083593
91945465
92098172
92100970
91829858
93032280
93300777
93300777
92445779
92036472
92155038
92360841
93028849
93440927
93773948
93620400
93317506
93317506
92837144
92697624
92697624
93000518
93223889
92554449
92120112
91846421
92427173
93239015
93239015
92886820
92255411
92735773
91767690
92263737
90556603
91035577
91032779
91696327
92835844
92335439
92612906
92612906
92965101
91615323
91558214
91140347
91140347
91047232
91536744
91536744
91965208
92335804
92138119
92916704
92564509
92555996
92969742
93160208
93258436
92323733
92911897
92874659
93072925
94053896
94421824
94861650
93813218
93001376
92328140
91302358
92778733
92433233
92635490
91748813
91055742
90524017
91384678
90806982
90423319
90349547
90483700
90120682
89374927
89909234
90504092
90911516
91465628
91625929
91258208
92135433
92135433
90893381
90893381
90947474
91758186
91921557
92766099
92107823
91428623
91059465
91664978
91664978
91746835
92055017
90994685
90994685
90220448
90022182
88545807
88934417
89460365
90270016
90270016
89841552
90021727
90721334
89343918
90209893
90427935
90597639
90817931
91942452
92621652
93134445
93711616
92958327
93428957
93428957
93502729
93502729
94006541
93924684
94363810
94145768
93588612
93588612
92553954
93111110
92442100
91437830
91804250
91466733
92501391
92870549
92366737
91522751
91726836
90978004
90670567
90938216
91472523
92141533
92033749
91594623
91841616
90450113
90450113
90853343
91262110
91262110
91699773
90840439
91729945
92794059
92119963
92788245
92340055
91450549
91782991
92201120
92190325
93059078
92854242
93393139
92955710
93898403
93651410
93112513
93376455
93871505
94620841
94915603
94871474
93861460
94130365
94930714
94930714
95961711
95282511
94698910
94000086
94481819
94247053
94516118
94516118
94355817
93300410
92357864
92695381
92286614
92628801
91880899
90987528
89477181
90188009
90926088
